[2026-03-21 06:02] [WARN] STMTURB12 pressure jitter above baseline
[2026-03-21 06:03] [WARN] ECCS8 thermal drift advisory threshold exceeded
[2026-03-21 06:04] [CRIT] ECCS8 runaway outlet temp trip
[2026-03-21 06:04] [WARN] WTANK07 fill trajectory slow reserve constrained
[2026-03-21 06:05] [ERRO] FIRMWARE validation queue fault runtime constrained
[2026-03-21 06:05] [WARN] WTRPMP flow margin below startup profile
[2026-03-21 06:10] [WARN] ECCS8 thermal drift advisory threshold exceeded
[2026-03-21 06:11] [WARN] PWR01 input ripple warning limits narrowed
[2026-03-21 06:14] [WARN] FIRMWARE watchdog delayed poll retry
[2026-03-21 06:16] [CRIT] WSTPOOL2 absorption path emergency boundary
[2026-03-21 06:30] [WARN] ECCS8 rising return temp headroom decreasing
[2026-03-21 06:30] [WARN] WSTPOOL2 waste heat relay soft cap
[2026-03-21 06:32] [WARN] ECCS8 rising return temp headroom decreasing
[2026-03-21 06:35] [ERRO] PWR01 transient auxiliary pump control degraded
[2026-03-21 06:36] [ERRO] WTANK07 unstable refill trend coolant not guaranteed
[2026-03-21 06:37] [WARN] ECCS8 rising return temp headroom decreasing
[2026-03-21 06:37] [ERRO] STMTURB12 feedback loop correction budget exceeded
[2026-03-21 06:38] [WARN] WTRPMP flow margin below startup profile
[2026-03-21 06:40] [WARN] ECCS8 rising return temp headroom decreasing
[2026-03-21 06:41] [WARN] ECCS8 thermal drift advisory threshold exceeded
[2026-03-21 06:44] [WARN] WTRPMP flow margin below startup profile
[2026-03-21 06:49] [WARN] ECCS8 rising return temp headroom decreasing
[2026-03-21 06:50] [WARN] WTRPMP duty cycle elevated efficiency reduced
[2026-03-21 06:50] [WARN] FIRMWARE watchdog delayed poll retry
[2026-03-21 06:52] [WARN] WTRPMP flow margin below startup profile
[2026-03-21 06:52] [WARN] WTANK07 level sensor mismatch secondary read
[2026-03-21 06:55] [WARN] FIRMWARE watchdog delayed poll retry
[2026-03-21 06:58] [WARN] ECCS8 rising return temp headroom decreasing
[2026-03-21 06:59] [ERRO] STMTURB12 feedback loop correction budget exceeded
[2026-03-21 07:02] [WARN] WSTPOOL2 waste heat relay soft cap
[2026-03-21 07:05] [WARN] PWR01 input ripple warning limits narrowed
[2026-03-21 07:06] [WARN] ECCS8 rising return temp headroom decreasing
[2026-03-21 07:09] [WARN] WTANK07 level sensor mismatch secondary read
[2026-03-21 07:12] [WARN] WTRPMP flow margin below startup profile
[2026-03-21 07:16] [WARN] FIRMWARE watchdog delayed poll retry
[2026-03-21 07:18] [WARN] PWR01 input ripple warning limits narrowed
[2026-03-21 07:22] [WARN] WTANK07 fill trajectory slow reserve constrained
[2026-03-21 07:24] [WARN] WTANK07 level sensor mismatch secondary read
[2026-03-21 07:24] [ERRO] WTRPMP suction profile inconsistent stress increasing
[2026-03-21 07:27] [WARN] PWR01 input ripple warning limits narrowed
[2026-03-21 07:27] [WARN] ECCS8 thermal drift advisory threshold exceeded
[2026-03-21 07:30] [WARN] FIRMWARE watchdog delayed poll retry
[2026-03-21 07:31] [WARN] FIRMWARE trend outside startup envelope
[2026-03-21 07:37] [WARN] STMTURB12 pressure jitter above baseline
[2026-03-21 07:38] [WARN] WTRPMP flow margin below startup profile
[2026-03-21 07:40] [WARN] ECCS8 rising return temp headroom decreasing
[2026-03-21 07:42] [WARN] WTRPMP flow margin below startup profile
[2026-03-21 07:46] [WARN] WSTPOOL2 waste heat relay soft cap
[2026-03-21 07:49] [WARN] WTRPMP flow margin below startup profile
[2026-03-21 07:50] [ERRO] STMTURB12 feedback loop correction budget exceeded
[2026-03-21 07:57] [WARN] WTRPMP flow margin below startup profile
[2026-03-21 07:57] [WARN] PWR01 input ripple warning limits narrowed
[2026-03-21 08:00] [CRIT] ECCS8 core cooling safe gradient cannot maintain
[2026-03-21 08:01] [WARN] ECCS8 rising return temp headroom decreasing
[2026-03-21 08:04] [WARN] PWR01 input ripple warning limits narrowed
[2026-03-21 08:05] [WARN] WTANK07 level sensor mismatch secondary read
[2026-03-21 08:06] [ERRO] WSTPOOL2 heat transfer path saturated lag
[2026-03-21 08:09] [WARN] WTANK07 level sensor mismatch secondary read
[2026-03-21 08:09] [WARN] FIRMWARE watchdog delayed poll retry
[2026-03-21 08:14] [WARN] WTANK07 level sensor mismatch secondary read
[2026-03-21 08:17] [WARN] WTANK07 fill trajectory slow reserve constrained
[2026-03-21 08:18] [WARN] WTANK07 level sensor mismatch secondary read
[2026-03-21 08:19] [WARN] WTANK07 fill trajectory slow reserve constrained
[2026-03-21 08:28] [WARN] WTANK07 level sensor mismatch secondary read
[2026-03-21 08:28] [ERRO] ECCS8 cooling efficiency dropped not recovered
[2026-03-21 08:29] [ERRO] STMTURB12 feedback loop correction budget exceeded
[2026-03-21 08:31] [WARN] ECCS8 thermal drift advisory threshold exceeded
[2026-03-21 08:34] [WARN] PWR01 input ripple warning limits narrowed
[2026-03-21 08:36] [WARN] ECCS8 thermal drift advisory threshold exceeded
[2026-03-21 08:36] [ERRO] WTANK07 level dropped refill timeout
[2026-03-21 08:42] [WARN] WSTPOOL2 waste heat relay soft cap
[2026-03-21 08:45] [WARN] WSTPOOL2 waste heat relay soft cap
[2026-03-21 08:46] [WARN] STMTURB12 pressure jitter above baseline
[2026-03-21 08:46] [WARN] WTANK07 fill trajectory slow reserve constrained
[2026-03-21 08:48] [WARN] WTANK07 level sensor mismatch secondary read
[2026-03-21 08:53] [ERRO] PWR01 transient auxiliary pump control degraded
[2026-03-21 08:53] [WARN] WTRPMP flow margin below startup profile
[2026-03-21 08:58] [ERRO] WTRPMP suction profile inconsistent stress increasing
[2026-03-21 08:59] [WARN] ECCS8 thermal drift advisory threshold exceeded
[2026-03-21 09:06] [ERRO] ECCS8 return temp rose faster emergency bias
[2026-03-21 09:07] [WARN] STMTURB12 pressure jitter above baseline
[2026-03-21 09:11] [WARN] WSTPOOL2 waste heat relay soft cap
[2026-03-21 09:14] [WARN] WSTPOOL2 waste heat relay soft cap
[2026-03-21 09:16] [WARN] WTRPMP duty cycle elevated efficiency reduced
[2026-03-21 09:17] [WARN] WTANK07 level sensor mismatch secondary read
[2026-03-21 09:20] [WARN] WTANK07 fill trajectory slow reserve constrained
[2026-03-21 09:25] [WARN] ECCS8 thermal drift advisory threshold exceeded
[2026-03-21 09:25] [WARN] STMTURB12 pressure jitter above baseline
[2026-03-21 09:37] [ERRO] WTANK07 unstable refill trend coolant not guaranteed
[2026-03-21 09:38] [ERRO] PWR01 transient auxiliary pump control degraded
[2026-03-21 09:39] [WARN] PWR01 input ripple warning limits narrowed
[2026-03-21 09:41] [WARN] ECCS8 thermal drift advisory threshold exceeded
[2026-03-21 09:44] [WARN] WSTPOOL2 waste heat relay soft cap
[2026-03-21 09:45] [WARN] WTANK07 level sensor mismatch secondary read
[2026-03-21 09:46] [WARN] PWR01 input ripple warning limits narrowed
[2026-03-21 09:52] [ERRO] ECCS8 return temp rose faster emergency bias
[2026-03-21 09:53] [WARN] ECCS8 thermal drift advisory threshold exceeded
[2026-03-21 09:54] [WARN] WTANK07 level sensor mismatch secondary read
[2026-03-21 09:56] [WARN] WTRPMP flow margin below startup profile
[2026-03-21 09:56] [ERRO] ECCS8 cooling efficiency dropped not recovered
[2026-03-21 09:57] [WARN] ECCS8 rising return temp headroom decreasing
[2026-03-21 09:58] [ERRO] WTRPMP cavitation output pressure cannot hold
[2026-03-21 10:01] [ERRO] WSTPOOL2 heat transfer path saturated lag
[2026-03-21 10:03] [WARN] WTRPMP flow margin below startup profile
[2026-03-21 10:04] [ERRO] PWR01 transient auxiliary pump control degraded
[2026-03-21 10:06] [WARN] STMTURB12 pressure jitter above baseline
[2026-03-21 10:09] [ERRO] WTANK07 level dropped refill timeout
[2026-03-21 10:11] [ERRO] WTRPMP suction profile inconsistent stress increasing
[2026-03-21 10:12] [ERRO] WTANK07 unstable refill trend coolant not guaranteed
[2026-03-21 10:15] [CRIT] WTANK07 coolant level critical threshold hard trip
[2026-03-21 10:17] [WARN] PWR01 input ripple warning limits narrowed
[2026-03-21 10:22] [WARN] WSTPOOL2 waste heat relay soft cap
[2026-03-21 10:22] [WARN] STMTURB12 pressure jitter above baseline
[2026-03-21 10:23] [WARN] PWR01 input ripple warning limits narrowed
[2026-03-21 10:24] [WARN] ECCS8 rising return temp headroom decreasing
[2026-03-21 10:25] [WARN] ECCS8 thermal drift advisory threshold exceeded
[2026-03-21 10:27] [WARN] ECCS8 thermal drift advisory threshold exceeded
[2026-03-21 10:29] [WARN] WTANK07 fill trajectory slow reserve constrained
[2026-03-21 10:32] [WARN] ECCS8 thermal drift advisory threshold exceeded
[2026-03-21 10:35] [CRIT] WSTPOOL2 absorption path emergency boundary
[2026-03-21 10:36] [WARN] WTRPMP duty cycle elevated efficiency reduced
[2026-03-21 10:38] [WARN] WTRPMP flow margin below startup profile
[2026-03-21 10:39] [WARN] FIRMWARE watchdog delayed poll retry
[2026-03-21 10:42] [ERRO] FIRMWARE validation queue fault runtime constrained
[2026-03-21 10:45] [CRIT] WSTPOOL2 absorption path emergency boundary
[2026-03-21 10:47] [WARN] FIRMWARE watchdog delayed poll retry
[2026-03-21 10:56] [WARN] FIRMWARE watchdog delayed poll retry
[2026-03-21 10:56] [WARN] STMTURB12 pressure jitter above baseline
[2026-03-21 11:01] [CRIT] WTRPMP lost stable prime core continuity compromised
[2026-03-21 11:01] [WARN] WTANK07 level sensor mismatch secondary read
[2026-03-21 11:05] [WARN] ECCS8 rising return temp headroom decreasing
[2026-03-21 11:05] [WARN] WTRPMP duty cycle elevated efficiency reduced
[2026-03-21 11:07] [ERRO] FIRMWARE validation queue fault runtime constrained
[2026-03-21 11:09] [WARN] WTANK07 fill trajectory slow reserve constrained
[2026-03-21 11:09] [WARN] STMTURB12 pressure jitter above baseline
[2026-03-21 11:11] [WARN] WTRPMP flow margin below startup profile
[2026-03-21 11:12] [ERRO] WTRPMP suction profile inconsistent stress increasing
[2026-03-21 11:16] [WARN] WTRPMP flow margin below startup profile
[2026-03-21 11:20] [WARN] FIRMWARE watchdog delayed poll retry
[2026-03-21 11:21] [WARN] WTRPMP duty cycle elevated efficiency reduced
[2026-03-21 11:26] [ERRO] WTRPMP cavitation output pressure cannot hold
[2026-03-21 11:27] [ERRO] PWR01 transient auxiliary pump control degraded
[2026-03-21 11:29] [WARN] WTANK07 fill trajectory slow reserve constrained
[2026-03-21 11:30] [WARN] WTANK07 level sensor mismatch secondary read
[2026-03-21 11:31] [WARN] WTRPMP flow margin below startup profile
[2026-03-21 11:33] [ERRO] PWR01 transient auxiliary pump control degraded
[2026-03-21 11:34] [WARN] ECCS8 rising return temp headroom decreasing
[2026-03-21 11:36] [ERRO] STMTURB12 feedback loop correction budget exceeded
[2026-03-21 11:36] [WARN] ECCS8 thermal drift advisory threshold exceeded
[2026-03-21 11:38] [WARN] WTRPMP duty cycle elevated efficiency reduced
[2026-03-21 11:40] [CRIT] ECCS8 core cooling safe gradient cannot maintain
[2026-03-21 11:42] [WARN] STMTURB12 pressure jitter above baseline
[2026-03-21 11:45] [WARN] STMTURB12 pressure jitter above baseline
[2026-03-21 11:48] [ERRO] WSTPOOL2 heat transfer path saturated lag
[2026-03-21 11:50] [ERRO] PWR01 transient auxiliary pump control degraded
[2026-03-21 11:51] [ERRO] WTANK07 unstable refill trend coolant not guaranteed
[2026-03-21 11:54] [ERRO] ECCS8 cooling efficiency dropped not recovered
[2026-03-21 11:55] [WARN] ECCS8 thermal drift advisory threshold exceeded
[2026-03-21 11:59] [WARN] PWR01 input ripple warning limits narrowed
[2026-03-21 12:00] [WARN] STMTURB12 pressure jitter above baseline
[2026-03-21 12:01] [WARN] ECCS8 thermal drift advisory threshold exceeded
[2026-03-21 12:03] [WARN] WTANK07 level sensor mismatch secondary read
[2026-03-21 12:05] [WARN] WSTPOOL2 waste heat relay soft cap
[2026-03-21 12:05] [WARN] ECCS8 rising return temp headroom decreasing
[2026-03-21 12:06] [WARN] WTRPMP flow margin below startup profile
[2026-03-21 12:07] [WARN] PWR01 input ripple warning limits narrowed
[2026-03-21 12:07] [WARN] STMTURB12 pressure jitter above baseline
[2026-03-21 12:09] [WARN] WTRPMP duty cycle elevated efficiency reduced
[2026-03-21 12:10] [WARN] ECCS8 rising return temp headroom decreasing
[2026-03-21 12:10] [WARN] FIRMWARE watchdog delayed poll retry
[2026-03-21 12:11] [WARN] ECCS8 rising return temp headroom decreasing
[2026-03-21 12:15] [WARN] FIRMWARE watchdog delayed poll retry
[2026-03-21 12:20] [ERRO] FIRMWARE validation queue fault runtime constrained
[2026-03-21 12:21] [WARN] WTRPMP duty cycle elevated efficiency reduced
[2026-03-21 12:24] [ERRO] WTANK07 level dropped refill timeout
[2026-03-21 12:25] [WARN] FIRMWARE watchdog delayed poll retry
[2026-03-21 12:34] [WARN] WTRPMP flow margin below startup profile
[2026-03-21 12:35] [ERRO] FIRMWARE validation queue fault runtime constrained
[2026-03-21 12:36] [ERRO] ECCS8 return temp rose faster emergency bias
[2026-03-21 12:36] [WARN] STMTURB12 pressure jitter above baseline
[2026-03-21 12:38] [WARN] STMTURB12 pressure jitter above baseline
[2026-03-21 12:38] [ERRO] WTRPMP cavitation output pressure cannot hold
[2026-03-21 12:39] [WARN] WTRPMP duty cycle elevated efficiency reduced
[2026-03-21 12:41] [WARN] ECCS8 thermal drift advisory threshold exceeded
[2026-03-21 12:41] [ERRO] WTANK07 level dropped refill timeout
[2026-03-21 12:41] [WARN] WTANK07 level sensor mismatch secondary read
[2026-03-21 12:45] [ERRO] WSTPOOL2 heat transfer path saturated lag
[2026-03-21 12:46] [WARN] WTRPMP duty cycle elevated efficiency reduced
[2026-03-21 12:47] [ERRO] WTRPMP cavitation output pressure cannot hold
[2026-03-21 12:47] [WARN] WSTPOOL2 waste heat relay soft cap
[2026-03-21 12:48] [ERRO] WTRPMP suction profile inconsistent stress increasing
[2026-03-21 12:48] [WARN] WTANK07 level sensor mismatch secondary read
[2026-03-21 12:49] [WARN] WTANK07 fill trajectory slow reserve constrained
[2026-03-21 12:49] [WARN] WTANK07 advisory threshold crossed reduced tolerance
[2026-03-21 12:51] [CRIT] FIRMWARE emergency guard branch manual override locked
[2026-03-21 12:51] [WARN] PWR01 input ripple warning limits narrowed
[2026-03-21 12:52] [ERRO] ECCS8 return temp rose faster emergency bias
[2026-03-21 12:52] [ERRO] WTRPMP cavitation output pressure cannot hold
[2026-03-21 12:54] [ERRO] WSTPOOL2 heat transfer path saturated lag
[2026-03-21 12:55] [WARN] WSTPOOL2 waste heat relay soft cap
[2026-03-21 12:56] [WARN] WTRPMP duty cycle elevated efficiency reduced
[2026-03-21 12:56] [CRIT] STMTURB12 decoupling sequence thermal risk terminated
[2026-03-21 12:57] [CRIT] ECCS8 runaway outlet temp trip
[2026-03-21 12:59] [WARN] ECCS8 rising return temp headroom decreasing
[2026-03-21 12:59] [ERRO] WTRPMP suction profile inconsistent stress increasing
[2026-03-21 12:59] [WARN] WTRPMP duty cycle elevated efficiency reduced
[2026-03-21 13:00] [WARN] WTANK07 fill trajectory slow reserve constrained
[2026-03-21 13:01] [CRIT] ECCS8 runaway outlet temp trip
[2026-03-21 13:02] [WARN] ECCS8 thermal drift advisory threshold exceeded
[2026-03-21 13:04] [ERRO] WTANK07 level dropped refill timeout
[2026-03-21 13:04] [WARN] WTANK07 level sensor mismatch secondary read
[2026-03-21 13:05] [WARN] WTRPMP flow margin below startup profile
[2026-03-21 13:07] [WARN] WSTPOOL2 waste heat relay soft cap
[2026-03-21 13:09] [ERRO] PWR01 transient auxiliary pump control degraded
[2026-03-21 13:10] [ERRO] WTANK07 unstable refill trend coolant not guaranteed
[2026-03-21 13:12] [ERRO] WTANK07 level dropped refill timeout
[2026-03-21 13:12] [ERRO] ECCS8 cooling efficiency dropped not recovered
[2026-03-21 13:13] [ERRO] WTRPMP suction profile inconsistent stress increasing
[2026-03-21 13:15] [ERRO] WSTPOOL2 heat transfer path saturated lag
[2026-03-21 13:15] [WARN] PWR01 input ripple warning limits narrowed
[2026-03-21 13:17] [WARN] FIRMWARE watchdog delayed poll retry
[2026-03-21 13:18] [ERRO] WTRPMP suction profile inconsistent stress increasing
[2026-03-21 13:18] [WARN] ECCS8 rising return temp headroom decreasing
[2026-03-21 13:19] [WARN] WTANK07 level sensor mismatch secondary read
[2026-03-21 13:20] [WARN] FIRMWARE watchdog delayed poll retry
[2026-03-21 13:21] [WARN] WSTPOOL2 waste heat relay soft cap
[2026-03-21 13:22] [WARN] FIRMWARE watchdog delayed poll retry
[2026-03-21 13:24] [WARN] ECCS8 thermal drift advisory threshold exceeded
[2026-03-21 13:24] [ERRO] WTANK07 level dropped refill timeout
[2026-03-21 13:24] [WARN] WTANK07 level sensor mismatch secondary read
[2026-03-21 13:25] [ERRO] ECCS8 cooling efficiency dropped not recovered
[2026-03-21 13:27] [ERRO] WSTPOOL2 heat transfer path saturated lag
[2026-03-21 13:28] [CRIT] WTRPMP lost stable prime core continuity compromised
[2026-03-21 13:28] [WARN] ECCS8 rising return temp headroom decreasing
[2026-03-21 13:29] [WARN] WTANK07 level sensor mismatch secondary read
[2026-03-21 13:31] [WARN] WTANK07 level sensor mismatch secondary read
[2026-03-21 13:32] [WARN] WTANK07 fill trajectory slow reserve constrained
[2026-03-21 13:33] [WARN] ECCS8 rising return temp headroom decreasing
[2026-03-21 13:35] [ERRO] FIRMWARE hardware interface cross-check unresolved
[2026-03-21 13:35] [WARN] WTANK07 fill trajectory slow reserve constrained
[2026-03-21 13:37] [CRIT] PWR01 stable feed cannot sustain loads shedding
[2026-03-21 13:38] [WARN] WTRPMP flow margin below startup profile
[2026-03-21 13:39] [WARN] WTANK07 level sensor mismatch secondary read
[2026-03-21 13:40] [CRIT] FIRMWARE emergency guard branch manual override locked
[2026-03-21 13:44] [WARN] ECCS8 rising return temp headroom decreasing
[2026-03-21 13:46] [ERRO] ECCS8 return temp rose faster emergency bias
[2026-03-21 13:46] [WARN] ECCS8 thermal drift advisory threshold exceeded
[2026-03-21 13:46] [WARN] PWR01 input ripple warning limits narrowed
[2026-03-21 13:47] [ERRO] ECCS8 cooling efficiency dropped not recovered
[2026-03-21 13:48] [WARN] PWR01 power stability unstable startup load
[2026-03-21 13:49] [WARN] ECCS8 rising return temp headroom decreasing
[2026-03-21 13:50] [WARN] WSTPOOL2 waste heat relay soft cap
[2026-03-21 13:51] [WARN] FIRMWARE watchdog delayed poll retry
[2026-03-21 13:52] [WARN] WSTPOOL2 waste heat relay soft cap
[2026-03-21 13:54] [WARN] WTANK07 fill trajectory slow reserve constrained
[2026-03-21 13:55] [WARN] STMTURB12 pressure jitter above baseline
[2026-03-21 13:57] [WARN] FIRMWARE watchdog delayed poll retry
[2026-03-21 13:58] [WARN] WSTPOOL2 waste heat relay soft cap
[2026-03-21 13:58] [ERRO] WTRPMP suction profile inconsistent stress increasing
[2026-03-21 13:59] [WARN] WTANK07 fill trajectory slow reserve constrained
[2026-03-21 14:00] [CRIT] STMTURB12 decoupling sequence thermal risk terminated
[2026-03-21 14:01] [WARN] ECCS8 rising return temp headroom decreasing
[2026-03-21 14:04] [WARN] WTANK07 fill trajectory slow reserve constrained
[2026-03-21 14:05] [ERRO] ECCS8 cooling efficiency dropped not recovered
[2026-03-21 14:07] [WARN] STMTURB12 pressure jitter above baseline
[2026-03-21 14:07] [ERRO] ECCS8 cooling efficiency dropped not recovered
[2026-03-21 14:08] [WARN] WTANK07 level sensor mismatch secondary read
[2026-03-21 14:12] [WARN] WTANK07 fill trajectory slow reserve constrained
[2026-03-21 14:12] [WARN] WTANK07 level sensor mismatch secondary read
[2026-03-21 14:17] [WARN] WTANK07 level sensor mismatch secondary read
[2026-03-21 14:18] [ERRO] ECCS8 cooling efficiency dropped not recovered
[2026-03-21 14:18] [ERRO] PWR01 transient auxiliary pump control degraded
[2026-03-21 14:19] [ERRO] WTRPMP cavitation output pressure cannot hold
[2026-03-21 14:20] [WARN] ECCS8 thermal drift advisory threshold exceeded
[2026-03-21 14:21] [WARN] STMTURB12 pressure jitter above baseline
[2026-03-21 14:21] [WARN] WTANK07 level sensor mismatch secondary read
[2026-03-21 14:23] [WARN] WTRPMP duty cycle elevated efficiency reduced
[2026-03-21 14:24] [ERRO] WTRPMP cavitation output pressure cannot hold
[2026-03-21 14:25] [WARN] WTANK07 fill trajectory slow reserve constrained
[2026-03-21 14:25] [WARN] ECCS8 thermal drift advisory threshold exceeded
[2026-03-21 14:28] [ERRO] FIRMWARE validation queue fault runtime constrained
[2026-03-21 14:28] [WARN] WTRPMP duty cycle elevated efficiency reduced
[2026-03-21 14:28] [WARN] WSTPOOL2 waste heat relay soft cap
[2026-03-21 14:30] [WARN] ECCS8 thermal drift advisory threshold exceeded
[2026-03-21 14:32] [WARN] STMTURB12 pressure jitter above baseline
[2026-03-21 14:33] [ERRO] FIRMWARE validation queue fault runtime constrained
[2026-03-21 14:34] [WARN] WTRPMP flow margin below startup profile
[2026-03-21 14:36] [WARN] WTRPMP duty cycle elevated efficiency reduced
[2026-03-21 14:37] [ERRO] ECCS8 cooling efficiency dropped not recovered
[2026-03-21 14:38] [WARN] ECCS8 rising return temp headroom decreasing
[2026-03-21 14:38] [WARN] WTANK07 level sensor mismatch secondary read
[2026-03-21 14:39] [WARN] ECCS8 thermal drift advisory threshold exceeded
[2026-03-21 14:39] [WARN] ECCS8 thermal drift advisory threshold exceeded
[2026-03-21 14:40] [ERRO] STMTURB12 feedback loop correction budget exceeded
[2026-03-21 14:41] [WARN] STMTURB12 pressure jitter above baseline
[2026-03-21 14:42] [WARN] WTANK07 level sensor mismatch secondary read
[2026-03-21 14:43] [WARN] WTANK07 level sensor mismatch secondary read
[2026-03-21 14:43] [ERRO] ECCS8 return temp rose faster emergency bias
[2026-03-21 14:45] [WARN] STMTURB12 pressure jitter above baseline
[2026-03-21 14:46] [WARN] ECCS8 rising return temp headroom decreasing
[2026-03-21 14:47] [ERRO] FIRMWARE validation queue fault runtime constrained
[2026-03-21 14:48] [WARN] STMTURB12 pressure jitter above baseline
[2026-03-21 14:49] [WARN] FIRMWARE watchdog delayed poll retry
[2026-03-21 14:50] [WARN] STMTURB12 pressure jitter above baseline
[2026-03-21 14:51] [WARN] WSTPOOL2 waste heat relay soft cap
[2026-03-21 14:52] [CRIT] STMTURB12 decoupling sequence thermal risk terminated
[2026-03-21 14:52] [CRIT] FIRMWARE safety bootstrap missing marker
[2026-03-21 14:53] [WARN] WSTPOOL2 waste heat relay soft cap
[2026-03-21 14:55] [WARN] FIRMWARE watchdog delayed poll retry
[2026-03-21 14:56] [ERRO] WSTPOOL2 heat transfer path saturated lag
[2026-03-21 14:57] [CRIT] FIRMWARE emergency guard branch manual override locked
[2026-03-21 14:57] [ERRO] STMTURB12 feedback loop correction budget exceeded
[2026-03-21 14:58] [WARN] ECCS8 rising return temp headroom decreasing
[2026-03-21 14:59] [WARN] ECCS8 thermal drift advisory threshold exceeded
[2026-03-21 15:00] [ERRO] ECCS8 return temp rose faster emergency bias
[2026-03-21 15:04] [WARN] WTANK07 fill trajectory slow reserve constrained
[2026-03-21 15:06] [WARN] WSTPOOL2 waste heat relay soft cap
[2026-03-21 15:07] [WARN] WTANK07 level sensor mismatch secondary read
[2026-03-21 15:08] [WARN] STMTURB12 pressure jitter above baseline
[2026-03-21 15:08] [WARN] WSTPOOL2 waste heat relay soft cap
[2026-03-21 15:08] [WARN] FIRMWARE watchdog delayed poll retry
[2026-03-21 15:09] [WARN] WSTPOOL2 waste heat relay soft cap
[2026-03-21 15:10] [WARN] FIRMWARE watchdog delayed poll retry
[2026-03-21 15:11] [ERRO] ECCS8 cooling efficiency dropped not recovered
[2026-03-21 15:11] [WARN] ECCS8 rising return temp headroom decreasing
[2026-03-21 15:12] [WARN] FIRMWARE watchdog delayed poll retry
[2026-03-21 15:13] [WARN] WTANK07 level sensor mismatch secondary read
[2026-03-21 15:13] [ERRO] ECCS8 cooling efficiency dropped not recovered
[2026-03-21 15:14] [WARN] STMTURB12 pressure jitter above baseline
[2026-03-21 15:15] [CRIT] ECCS8 runaway outlet temp trip
[2026-03-21 15:15] [ERRO] WTRPMP cavitation output pressure cannot hold
[2026-03-21 15:15] [WARN] WTANK07 level sensor mismatch secondary read
[2026-03-21 15:16] [WARN] WTANK07 level sensor mismatch secondary read
[2026-03-21 15:18] [ERRO] STMTURB12 feedback loop correction budget exceeded
[2026-03-21 15:19] [ERRO] WTANK07 level dropped refill timeout
[2026-03-21 15:20] [WARN] STMTURB12 pressure jitter above baseline
[2026-03-21 15:21] [WARN] FIRMWARE watchdog delayed poll retry
[2026-03-21 15:21] [WARN] WTANK07 level sensor mismatch secondary read
[2026-03-21 15:22] [WARN] STMTURB12 pressure jitter above baseline
[2026-03-21 15:22] [WARN] ECCS8 thermal drift advisory threshold exceeded
[2026-03-21 15:23] [ERRO] WTANK07 level dropped refill timeout
[2026-03-21 15:23] [WARN] FIRMWARE watchdog delayed poll retry
[2026-03-21 15:24] [WARN] STMTURB12 pressure jitter above baseline
[2026-03-21 15:25] [ERRO] ECCS8 return temp rose faster emergency bias
[2026-03-21 15:27] [ERRO] ECCS8 cooling efficiency dropped not recovered
[2026-03-21 15:27] [ERRO] WTANK07 unstable refill trend coolant not guaranteed
[2026-03-21 15:28] [WARN] WTRPMP flow margin below startup profile
[2026-03-21 15:30] [ERRO] WTRPMP cavitation output pressure cannot hold
[2026-03-21 15:30] [WARN] PWR01 input ripple warning limits narrowed
[2026-03-21 15:33] [ERRO] WTRPMP suction profile inconsistent stress increasing
[2026-03-21 15:33] [WARN] ECCS8 rising return temp headroom decreasing
[2026-03-21 15:33] [ERRO] WTANK07 unstable refill trend coolant not guaranteed
[2026-03-21 15:34] [WARN] ECCS8 rising return temp headroom decreasing
[2026-03-21 15:35] [WARN] WTRPMP duty cycle elevated efficiency reduced
[2026-03-21 15:36] [WARN] WTANK07 fill trajectory slow reserve constrained
[2026-03-21 15:36] [WARN] WSTPOOL2 waste heat relay soft cap
[2026-03-21 15:37] [ERRO] PWR01 transient auxiliary pump control degraded
[2026-03-21 15:37] [WARN] STMTURB12 pressure jitter above baseline
[2026-03-21 15:38] [WARN] WTANK07 level sensor mismatch secondary read
[2026-03-21 15:40] [ERRO] WTANK07 unstable refill trend coolant not guaranteed
[2026-03-21 15:40] [WARN] WTANK07 fill trajectory slow reserve constrained
[2026-03-21 15:41] [ERRO] WTANK07 level dropped refill timeout
[2026-03-21 15:42] [WARN] WSTPOOL2 waste heat relay soft cap
[2026-03-21 15:43] [ERRO] ECCS8 return temp rose faster emergency bias
[2026-03-21 15:43] [WARN] PWR01 input ripple warning limits narrowed
[2026-03-21 15:44] [WARN] WTRPMP duty cycle elevated efficiency reduced
[2026-03-21 15:47] [ERRO] WSTPOOL2 heat transfer path saturated lag
[2026-03-21 15:47] [WARN] WSTPOOL2 waste heat relay soft cap
[2026-03-21 15:47] [WARN] WSTPOOL2 parameter drift initialization active
[2026-03-21 15:51] [WARN] FIRMWARE watchdog delayed poll retry
[2026-03-21 15:52] [ERRO] STMTURB12 feedback loop correction budget exceeded
[2026-03-21 15:54] [ERRO] WTRPMP suction profile inconsistent stress increasing
[2026-03-21 15:55] [ERRO] PWR01 transient auxiliary pump control degraded
[2026-03-21 15:55] [WARN] WTRPMP flow margin below startup profile
[2026-03-21 15:56] [WARN] FIRMWARE watchdog delayed poll retry
[2026-03-21 15:57] [WARN] WTRPMP flow margin below startup profile
[2026-03-21 15:58] [WARN] WSTPOOL2 waste heat relay soft cap
[2026-03-21 15:58] [CRIT] WSTPOOL2 absorption path emergency boundary
[2026-03-21 15:59] [WARN] WTRPMP flow margin below startup profile
[2026-03-21 16:01] [ERRO] WSTPOOL2 heat transfer path saturated lag
[2026-03-21 16:03] [CRIT] WTRPMP lost stable prime core continuity compromised
[2026-03-21 16:03] [WARN] WTRPMP duty cycle elevated efficiency reduced
[2026-03-21 16:04] [WARN] ECCS8 rising return temp headroom decreasing
[2026-03-21 16:05] [CRIT] ECCS8 core cooling safe gradient cannot maintain
[2026-03-21 16:06] [CRIT] WSTPOOL2 absorption path emergency boundary
[2026-03-21 16:06] [CRIT] WSTPOOL2 critical protection state startup shutdown
[2026-03-21 16:07] [WARN] WTRPMP duty cycle elevated efficiency reduced
[2026-03-21 16:07] [WARN] WTRPMP unstable readings escalation armed
[2026-03-21 16:08] [ERRO] ECCS8 cooling efficiency dropped not recovered
[2026-03-21 16:09] [WARN] ECCS8 thermal drift advisory threshold exceeded
[2026-03-21 16:10] [WARN] WTANK07 level sensor mismatch secondary read
[2026-03-21 16:11] [WARN] WTANK07 level sensor mismatch secondary read
[2026-03-21 16:12] [ERRO] WTRPMP cavitation output pressure cannot hold
[2026-03-21 16:13] [ERRO] WTANK07 level dropped refill timeout
[2026-03-21 16:14] [ERRO] WTANK07 level dropped refill timeout
[2026-03-21 16:15] [ERRO] ECCS8 cooling efficiency dropped not recovered
[2026-03-21 16:15] [ERRO] FIRMWARE validation queue fault runtime constrained
[2026-03-21 16:16] [WARN] ECCS8 thermal drift advisory threshold exceeded
[2026-03-21 16:17] [CRIT] PWR01 stable feed cannot sustain loads shedding
[2026-03-21 16:18] [ERRO] WTANK07 level dropped refill timeout
[2026-03-21 16:19] [WARN] WSTPOOL2 waste heat relay soft cap
[2026-03-21 16:20] [WARN] ECCS8 thermal drift advisory threshold exceeded
[2026-03-21 16:20] [WARN] WTRPMP duty cycle elevated efficiency reduced
[2026-03-21 16:22] [WARN] ECCS8 rising return temp headroom decreasing
[2026-03-21 16:22] [ERRO] WTANK07 unstable refill trend coolant not guaranteed
[2026-03-21 16:23] [WARN] ECCS8 thermal drift advisory threshold exceeded
[2026-03-21 16:23] [WARN] WTRPMP flow margin below startup profile
[2026-03-21 16:24] [WARN] PWR01 input ripple warning limits narrowed
[2026-03-21 16:25] [ERRO] PWR01 transient auxiliary pump control degraded
[2026-03-21 16:25] [WARN] ECCS8 rising return temp headroom decreasing
[2026-03-21 16:26] [WARN] WSTPOOL2 waste heat relay soft cap
[2026-03-21 16:30] [WARN] WTANK07 level sensor mismatch secondary read
[2026-03-21 16:32] [WARN] ECCS8 rising return temp headroom decreasing
[2026-03-21 16:33] [WARN] ECCS8 thermal drift advisory threshold exceeded
[2026-03-21 16:34] [ERRO] PWR01 transient auxiliary pump control degraded
[2026-03-21 16:37] [WARN] WTRPMP duty cycle elevated efficiency reduced
[2026-03-21 16:39] [WARN] ECCS8 thermal drift advisory threshold exceeded
[2026-03-21 16:40] [WARN] FIRMWARE watchdog delayed poll retry
[2026-03-21 16:41] [WARN] STMTURB12 pressure jitter above baseline
[2026-03-21 16:41] [WARN] FIRMWARE watchdog delayed poll retry
[2026-03-21 16:42] [WARN] WTANK07 level sensor mismatch secondary read
[2026-03-21 16:42] [WARN] WSTPOOL2 waste heat relay soft cap
[2026-03-21 16:43] [WARN] STMTURB12 pressure jitter above baseline
[2026-03-21 16:44] [WARN] WTANK07 level sensor mismatch secondary read
[2026-03-21 16:44] [WARN] FIRMWARE watchdog delayed poll retry
[2026-03-21 16:45] [WARN] ECCS8 thermal drift advisory threshold exceeded
[2026-03-21 16:48] [WARN] WSTPOOL2 waste heat relay soft cap
[2026-03-21 16:48] [WARN] WTANK07 fill trajectory slow reserve constrained
[2026-03-21 16:50] [WARN] ECCS8 thermal drift advisory threshold exceeded
[2026-03-21 16:50] [WARN] WTANK07 fill trajectory slow reserve constrained
[2026-03-21 16:51] [WARN] WTANK07 fill trajectory slow reserve constrained
[2026-03-21 16:55] [WARN] WSTPOOL2 waste heat relay soft cap
[2026-03-21 16:56] [CRIT] FIRMWARE emergency guard branch manual override locked
[2026-03-21 16:57] [WARN] WTRPMP duty cycle elevated efficiency reduced
[2026-03-21 16:59] [WARN] FIRMWARE watchdog delayed poll retry
[2026-03-21 17:00] [WARN] WTRPMP flow margin below startup profile
[2026-03-21 17:01] [WARN] WTANK07 fill trajectory slow reserve constrained
[2026-03-21 17:01] [WARN] ECCS8 thermal drift advisory threshold exceeded
[2026-03-21 17:02] [WARN] WTRPMP flow margin below startup profile
[2026-03-21 17:03] [WARN] ECCS8 thermal drift advisory threshold exceeded
[2026-03-21 17:03] [ERRO] PWR01 transient auxiliary pump control degraded
[2026-03-21 17:04] [ERRO] PWR01 transient auxiliary pump control degraded
[2026-03-21 17:05] [ERRO] WTANK07 unstable refill trend coolant not guaranteed
[2026-03-21 17:05] [WARN] WTRPMP flow margin below startup profile
[2026-03-21 17:05] [WARN] PWR01 input ripple warning limits narrowed
[2026-03-21 17:06] [WARN] STMTURB12 pressure jitter above baseline
[2026-03-21 17:06] [WARN] ECCS8 thermal drift advisory threshold exceeded
[2026-03-21 17:07] [CRIT] PWR01 stable feed cannot sustain loads shedding
[2026-03-21 17:08] [WARN] WTRPMP duty cycle elevated efficiency reduced
[2026-03-21 17:08] [WARN] FIRMWARE watchdog delayed poll retry
[2026-03-21 17:09] [WARN] WSTPOOL2 waste heat relay soft cap
[2026-03-21 17:09] [WARN] PWR01 input ripple warning limits narrowed
[2026-03-21 17:10] [ERRO] PWR01 transient auxiliary pump control degraded
[2026-03-21 17:10] [ERRO] WTANK07 level dropped refill timeout
[2026-03-21 17:11] [ERRO] STMTURB12 feedback loop correction budget exceeded
[2026-03-21 17:12] [ERRO] WTANK07 unstable refill trend coolant not guaranteed
[2026-03-21 17:12] [ERRO] PWR01 transient auxiliary pump control degraded
[2026-03-21 17:13] [CRIT] STMTURB12 decoupling sequence thermal risk terminated
[2026-03-21 17:13] [ERRO] WTANK07 unstable refill trend coolant not guaranteed
[2026-03-21 17:14] [WARN] FIRMWARE watchdog delayed poll retry
[2026-03-21 17:16] [ERRO] PWR01 transient auxiliary pump control degraded
[2026-03-21 17:17] [ERRO] PWR01 recovery step failed degraded operation
[2026-03-21 17:17] [WARN] STMTURB12 pressure jitter above baseline
[2026-03-21 17:18] [ERRO] FIRMWARE validation queue fault runtime constrained
[2026-03-21 17:19] [CRIT] WTRPMP lost stable prime core continuity compromised
[2026-03-21 17:20] [ERRO] ECCS8 cooling efficiency dropped not recovered
[2026-03-21 17:20] [CRIT] STMTURB12 decoupling sequence thermal risk terminated
[2026-03-21 17:20] [CRIT] ECCS8 runaway outlet temp trip
[2026-03-21 17:21] [WARN] STMTURB12 pressure jitter above baseline
[2026-03-21 17:21] [CRIT] FIRMWARE emergency guard branch manual override locked
[2026-03-21 17:22] [WARN] STMTURB12 pressure jitter above baseline
[2026-03-21 17:22] [WARN] ECCS8 thermal drift advisory threshold exceeded
[2026-03-21 17:23] [WARN] WTRPMP duty cycle elevated efficiency reduced
[2026-03-21 17:24] [ERRO] WSTPOOL2 heat transfer path saturated lag
[2026-03-21 17:26] [ERRO] WSTPOOL2 heat transfer path saturated lag
[2026-03-21 17:27] [WARN] WTRPMP duty cycle elevated efficiency reduced
[2026-03-21 17:28] [WARN] ECCS8 rising return temp headroom decreasing
[2026-03-21 17:29] [WARN] WSTPOOL2 waste heat relay soft cap
[2026-03-21 17:29] [ERRO] WTRPMP suction profile inconsistent stress increasing
[2026-03-21 17:30] [ERRO] WTANK07 unstable refill trend coolant not guaranteed
[2026-03-21 17:31] [WARN] WTANK07 fill trajectory slow reserve constrained
[2026-03-21 17:31] [WARN] ECCS8 rising return temp headroom decreasing
[2026-03-21 17:32] [WARN] WTANK07 level sensor mismatch secondary read
[2026-03-21 17:32] [WARN] PWR01 input ripple warning limits narrowed
[2026-03-21 17:33] [ERRO] WTRPMP cavitation output pressure cannot hold
[2026-03-21 17:34] [ERRO] STMTURB12 feedback loop correction budget exceeded
[2026-03-21 17:34] [ERRO] WTRPMP cavitation output pressure cannot hold
[2026-03-21 17:34] [WARN] ECCS8 rising return temp headroom decreasing
[2026-03-21 17:35] [WARN] PWR01 input ripple warning limits narrowed
[2026-03-21 17:35] [ERRO] PWR01 transient auxiliary pump control degraded
[2026-03-21 17:36] [ERRO] ECCS8 return temp rose faster emergency bias
[2026-03-21 17:36] [WARN] STMTURB12 pressure jitter above baseline
[2026-03-21 17:38] [ERRO] ECCS8 cooling efficiency dropped not recovered
[2026-03-21 17:38] [WARN] ECCS8 rising return temp headroom decreasing
[2026-03-21 17:38] [CRIT] PWR01 stable feed cannot sustain loads shedding
[2026-03-21 17:39] [WARN] PWR01 input ripple warning limits narrowed
[2026-03-21 17:39] [CRIT] PWR01 stable feed cannot sustain loads shedding
[2026-03-21 17:40] [WARN] STMTURB12 pressure jitter above baseline
[2026-03-21 17:40] [CRIT] WSTPOOL2 absorption path emergency boundary
[2026-03-21 17:41] [WARN] WTRPMP flow margin below startup profile
[2026-03-21 17:42] [WARN] ECCS8 rising return temp headroom decreasing
[2026-03-21 17:43] [WARN] ECCS8 thermal drift advisory threshold exceeded
[2026-03-21 17:43] [ERRO] WTANK07 level dropped refill timeout
[2026-03-21 17:44] [WARN] WSTPOOL2 waste heat relay soft cap
[2026-03-21 17:44] [WARN] ECCS8 rising return temp headroom decreasing
[2026-03-21 17:45] [WARN] FIRMWARE watchdog delayed poll retry
[2026-03-21 17:45] [WARN] WTRPMP flow margin below startup profile
[2026-03-21 17:45] [WARN] PWR01 input ripple warning limits narrowed
[2026-03-21 17:46] [WARN] PWR01 input ripple warning limits narrowed
[2026-03-21 17:47] [ERRO] WTRPMP suction profile inconsistent stress increasing
[2026-03-21 17:47] [WARN] PWR01 input ripple warning limits narrowed
[2026-03-21 17:48] [WARN] PWR01 input ripple warning limits narrowed
[2026-03-21 17:50] [CRIT] PWR01 stable feed cannot sustain loads shedding
[2026-03-21 17:51] [ERRO] WSTPOOL2 heat transfer path saturated lag
[2026-03-21 17:52] [WARN] ECCS8 thermal drift advisory threshold exceeded
[2026-03-21 17:52] [WARN] WSTPOOL2 waste heat relay soft cap
[2026-03-21 17:52] [WARN] PWR01 input ripple warning limits narrowed
[2026-03-21 17:53] [CRIT] FIRMWARE emergency guard branch manual override locked
[2026-03-21 17:53] [ERRO] FIRMWARE validation queue fault runtime constrained
[2026-03-21 17:56] [ERRO] FIRMWARE validation queue fault runtime constrained
[2026-03-21 17:56] [WARN] ECCS8 rising return temp headroom decreasing
[2026-03-21 17:57] [WARN] WTANK07 level sensor mismatch secondary read
[2026-03-21 17:57] [WARN] FIRMWARE watchdog delayed poll retry
[2026-03-21 17:58] [ERRO] WTANK07 unstable refill trend coolant not guaranteed
[2026-03-21 17:58] [ERRO] FIRMWARE validation queue fault runtime constrained
[2026-03-21 17:59] [ERRO] WSTPOOL2 heat transfer path saturated lag
[2026-03-21 17:59] [CRIT] FIRMWARE emergency guard branch manual override locked
[2026-03-21 17:59] [WARN] WTANK07 level sensor mismatch secondary read
[2026-03-21 18:00] [WARN] WTANK07 trend outside startup envelope
[2026-03-21 18:00] [CRIT] FIRMWARE emergency guard branch manual override locked
[2026-03-21 18:01] [ERRO] WSTPOOL2 heat transfer path saturated lag
[2026-03-21 18:02] [WARN] FIRMWARE watchdog delayed poll retry
[2026-03-21 18:02] [WARN] ECCS8 rising return temp headroom decreasing
[2026-03-21 18:03] [WARN] WTANK07 fill trajectory slow reserve constrained
[2026-03-21 18:04] [WARN] ECCS8 thermal drift advisory threshold exceeded
[2026-03-21 18:04] [WARN] PWR01 input ripple warning limits narrowed
[2026-03-21 18:05] [ERRO] WTANK07 level dropped refill timeout
[2026-03-21 18:06] [WARN] WTANK07 cooling reserve falling ECCS8 limit
[2026-03-21 18:06] [ERRO] WTRPMP cavitation output pressure cannot hold
[2026-03-21 18:07] [WARN] WTANK07 level sensor mismatch secondary read
[2026-03-21 18:07] [ERRO] WTRPMP suction profile inconsistent stress increasing
[2026-03-21 18:08] [ERRO] ECCS8 thermal margin fails WTANK07 partially filled
[2026-03-21 18:08] [WARN] FIRMWARE watchdog delayed poll retry
[2026-03-21 18:09] [WARN] WTANK07 cooling reserve falling ECCS8 limit
[2026-03-21 18:10] [WARN] WTANK07 cooling reserve falling ECCS8 limit
[2026-03-21 18:10] [ERRO] WTRPMP cavitation output pressure cannot hold
[2026-03-21 18:11] [WARN] WTANK07 cooling reserve falling ECCS8 limit
[2026-03-21 18:12] [WARN] WTANK07 cooling reserve falling ECCS8 limit
[2026-03-21 18:12] [ERRO] WTRPMP cavitation output pressure cannot hold
[2026-03-21 18:13] [ERRO] WTANK07 unstable refill trend coolant not guaranteed
[2026-03-21 18:13] [WARN] WTANK07 cooling reserve falling ECCS8 limit
[2026-03-21 18:13] [ERRO] WTRPMP suction profile inconsistent stress increasing
[2026-03-21 18:14] [WARN] WTANK07 cooling reserve falling ECCS8 limit
[2026-03-21 18:15] [WARN] WTANK07 advisory threshold crossed reduced tolerance
[2026-03-21 18:15] [ERRO] WTRPMP suction profile inconsistent stress increasing
[2026-03-21 18:17] [WARN] ECCS8 thermal drift advisory threshold exceeded
[2026-03-21 18:17] [CRIT] WTRPMP lost stable prime core continuity compromised
[2026-03-21 18:17] [CRIT] ECCS8 core cooling safe gradient cannot maintain
[2026-03-21 18:18] [WARN] FIRMWARE watchdog delayed poll retry
[2026-03-21 18:18] [ERRO] ECCS8 thermal margin fails WTANK07 partially filled
[2026-03-21 18:19] [WARN] STMTURB12 pressure jitter above baseline
[2026-03-21 18:20] [ERRO] ECCS8 thermal margin fails WTANK07 partially filled
[2026-03-21 18:20] [ERRO] PWR01 transient auxiliary pump control degraded
[2026-03-21 18:20] [WARN] WTANK07 fill trajectory slow reserve constrained
[2026-03-21 18:21] [ERRO] ECCS8 return temp rose faster emergency bias
[2026-03-21 18:21] [ERRO] ECCS8 thermal margin fails WTANK07 partially filled
[2026-03-21 18:22] [CRIT] ECCS8 core cooling safe gradient cannot maintain
[2026-03-21 18:22] [WARN] WTRPMP flow margin below startup profile
[2026-03-21 18:23] [ERRO] WTANK07 level dropped refill timeout
[2026-03-21 18:23] [WARN] FIRMWARE watchdog delayed poll retry
[2026-03-21 18:24] [WARN] WTANK07 level sensor mismatch secondary read
[2026-03-21 18:24] [ERRO] ECCS8 cooling efficiency dropped not recovered
[2026-03-21 18:25] [WARN] STMTURB12 pressure jitter above baseline
[2026-03-21 18:25] [WARN] WTANK07 cooling reserve falling ECCS8 limit
[2026-03-21 18:26] [ERRO] WTRPMP suction profile inconsistent stress increasing
[2026-03-21 18:27] [ERRO] ECCS8 thermal margin fails WTANK07 partially filled
[2026-03-21 18:27] [ERRO] ECCS8 operational fault persisted constraints enforced
[2026-03-21 18:29] [ERRO] ECCS8 thermal margin fails WTANK07 partially filled
[2026-03-21 18:29] [ERRO] WTRPMP suction profile inconsistent stress increasing
[2026-03-21 18:30] [WARN] WTANK07 cooling reserve falling ECCS8 limit
[2026-03-21 18:30] [ERRO] WSTPOOL2 heat transfer path saturated lag
[2026-03-21 18:31] [ERRO] WTANK07 level dropped refill timeout
[2026-03-21 18:31] [ERRO] ECCS8 thermal margin fails WTANK07 partially filled
[2026-03-21 18:32] [CRIT] WTRPMP lost stable prime core continuity compromised
[2026-03-21 18:34] [ERRO] ECCS8 thermal margin fails WTANK07 partially filled
[2026-03-21 18:35] [WARN] FIRMWARE watchdog delayed poll retry
[2026-03-21 18:35] [WARN] WTANK07 cooling reserve falling ECCS8 limit
[2026-03-21 18:35] [WARN] WTRPMP flow margin below startup profile
[2026-03-21 18:36] [WARN] WTANK07 cooling reserve falling ECCS8 limit
[2026-03-21 18:36] [WARN] WTANK07 level sensor mismatch secondary read
[2026-03-21 18:37] [ERRO] ECCS8 cooling efficiency dropped not recovered
[2026-03-21 18:38] [CRIT] ECCS8 core cooling safe gradient cannot maintain
[2026-03-21 18:38] [WARN] WTANK07 fill trajectory slow reserve constrained
[2026-03-21 18:40] [WARN] WTRPMP duty cycle elevated efficiency reduced
[2026-03-21 18:42] [WARN] STMTURB12 pressure jitter above baseline
[2026-03-21 18:42] [ERRO] ECCS8 thermal margin fails WTANK07 partially filled
[2026-03-21 18:43] [WARN] FIRMWARE watchdog delayed poll retry
[2026-03-21 18:44] [WARN] WSTPOOL2 waste heat relay soft cap
[2026-03-21 18:45] [WARN] STMTURB12 pressure jitter above baseline
[2026-03-21 18:45] [WARN] WTANK07 cooling reserve falling ECCS8 limit
[2026-03-21 18:46] [WARN] ECCS8 thermal drift advisory threshold exceeded
[2026-03-21 18:46] [WARN] ECCS8 parameter drift initialization active
[2026-03-21 18:47] [WARN] WTRPMP flow margin below startup profile
[2026-03-21 18:48] [CRIT] WTRPMP lost stable prime core continuity compromised
[2026-03-21 18:49] [ERRO] FIRMWARE validation queue fault runtime constrained
[2026-03-21 18:49] [CRIT] FIRMWARE emergency guard branch manual override locked
[2026-03-21 18:50] [ERRO] PWR01 transient auxiliary pump control degraded
[2026-03-21 18:52] [WARN] PWR01 input ripple warning limits narrowed
[2026-03-21 18:53] [WARN] WTANK07 cooling reserve falling ECCS8 limit
[2026-03-21 18:54] [CRIT] PWR01 stable feed cannot sustain loads shedding
[2026-03-21 18:54] [WARN] STMTURB12 pressure jitter above baseline
[2026-03-21 18:55] [WARN] PWR01 input ripple warning limits narrowed
[2026-03-21 18:56] [WARN] WTANK07 level sensor mismatch secondary read
[2026-03-21 18:56] [CRIT] ECCS8 core cooling safe gradient cannot maintain
[2026-03-21 18:57] [WARN] WTANK07 fill trajectory slow reserve constrained
[2026-03-21 18:59] [WARN] ECCS8 thermal drift advisory threshold exceeded
[2026-03-21 18:59] [ERRO] WTANK07 level dropped refill timeout
[2026-03-21 19:00] [WARN] ECCS8 thermal drift advisory threshold exceeded
[2026-03-21 19:00] [ERRO] WTRPMP cavitation output pressure cannot hold
[2026-03-21 19:01] [WARN] WSTPOOL2 waste heat relay soft cap
[2026-03-21 19:01] [WARN] STMTURB12 pressure jitter above baseline
[2026-03-21 19:02] [ERRO] STMTURB12 feedback loop correction budget exceeded
[2026-03-21 19:02] [WARN] WTANK07 cooling reserve falling ECCS8 limit
[2026-03-21 19:03] [WARN] PWR01 input ripple warning limits narrowed
[2026-03-21 19:05] [WARN] WTANK07 cooling reserve falling ECCS8 limit
[2026-03-21 19:05] [ERRO] STMTURB12 feedback loop correction budget exceeded
[2026-03-21 19:06] [WARN] STMTURB12 pressure jitter above baseline
[2026-03-21 19:06] [WARN] WTANK07 cooling reserve falling ECCS8 limit
[2026-03-21 19:07] [ERRO] STMTURB12 feedback loop correction budget exceeded
[2026-03-21 19:07] [WARN] WTRPMP flow margin below startup profile
[2026-03-21 19:07] [WARN] ECCS8 rising return temp headroom decreasing
[2026-03-21 19:08] [WARN] WTANK07 cooling reserve falling ECCS8 limit
[2026-03-21 19:09] [ERRO] ECCS8 return temp rose faster emergency bias
[2026-03-21 19:11] [CRIT] FIRMWARE emergency guard branch manual override locked
[2026-03-21 19:11] [CRIT] PWR01 stable feed cannot sustain loads shedding
[2026-03-21 19:13] [WARN] WTANK07 cooling reserve falling ECCS8 limit
[2026-03-21 19:13] [WARN] WTANK07 unstable readings escalation armed
[2026-03-21 19:14] [ERRO] FIRMWARE validation queue fault runtime constrained
[2026-03-21 19:14] [WARN] FIRMWARE watchdog delayed poll retry
[2026-03-21 19:15] [WARN] ECCS8 thermal drift advisory threshold exceeded
[2026-03-21 19:16] [CRIT] FIRMWARE emergency guard branch manual override locked
[2026-03-21 19:16] [ERRO] WTANK07 unstable refill trend coolant not guaranteed
[2026-03-21 19:17] [WARN] WTRPMP flow margin below startup profile
[2026-03-21 19:18] [WARN] WTANK07 cooling reserve falling ECCS8 limit
[2026-03-21 19:19] [WARN] ECCS8 rising return temp headroom decreasing
[2026-03-21 19:19] [CRIT] PWR01 stable feed cannot sustain loads shedding
[2026-03-21 19:20] [CRIT] WTANK07 coolant level critical threshold hard trip
[2026-03-21 19:20] [WARN] WTRPMP flow margin below startup profile
[2026-03-21 19:21] [ERRO] ECCS8 thermal margin fails WTANK07 partially filled
[2026-03-21 19:21] [ERRO] ECCS8 inconsistent feedback fallback applied
[2026-03-21 19:23] [ERRO] WSTPOOL2 heat transfer path saturated lag
[2026-03-21 19:23] [WARN] ECCS8 thermal drift advisory threshold exceeded
[2026-03-21 19:24] [ERRO] PWR01 transient auxiliary pump control degraded
[2026-03-21 19:24] [CRIT] WTRPMP lost stable prime core continuity compromised
[2026-03-21 19:25] [ERRO] ECCS8 thermal margin fails WTANK07 partially filled
[2026-03-21 19:26] [ERRO] WTANK07 unstable refill trend coolant not guaranteed
[2026-03-21 19:27] [WARN] PWR01 input ripple warning limits narrowed
[2026-03-21 19:27] [WARN] WTRPMP flow margin below startup profile
[2026-03-21 19:28] [ERRO] WTANK07 unstable refill trend coolant not guaranteed
[2026-03-21 19:29] [WARN] WTANK07 cooling reserve falling ECCS8 limit
[2026-03-21 19:30] [ERRO] ECCS8 thermal margin fails WTANK07 partially filled
[2026-03-21 19:30] [WARN] WTRPMP flow margin below startup profile
[2026-03-21 19:31] [WARN] ECCS8 rising return temp headroom decreasing
[2026-03-21 19:32] [WARN] WSTPOOL2 waste heat relay soft cap
[2026-03-21 19:32] [WARN] WTANK07 cooling reserve falling ECCS8 limit
[2026-03-21 19:33] [ERRO] ECCS8 thermal margin fails WTANK07 partially filled
[2026-03-21 19:33] [WARN] WSTPOOL2 waste heat relay soft cap
[2026-03-21 19:34] [ERRO] ECCS8 thermal margin fails WTANK07 partially filled
[2026-03-21 19:34] [CRIT] FIRMWARE emergency guard branch manual override locked
[2026-03-21 19:35] [ERRO] WTRPMP suction profile inconsistent stress increasing
[2026-03-21 19:36] [ERRO] ECCS8 thermal margin fails WTANK07 partially filled
[2026-03-21 19:36] [ERRO] ECCS8 return temp rose faster emergency bias
[2026-03-21 19:37] [WARN] WTRPMP flow margin below startup profile
[2026-03-21 19:38] [WARN] ECCS8 rising return temp headroom decreasing
[2026-03-21 19:38] [WARN] ECCS8 thermal drift advisory threshold exceeded
[2026-03-21 19:39] [WARN] FIRMWARE watchdog delayed poll retry
[2026-03-21 19:39] [WARN] WTRPMP duty cycle elevated efficiency reduced
[2026-03-21 19:40] [ERRO] ECCS8 cooling efficiency dropped not recovered
[2026-03-21 19:41] [ERRO] ECCS8 thermal margin fails WTANK07 partially filled
[2026-03-21 19:41] [CRIT] ECCS8 runaway outlet temp trip
[2026-03-21 19:42] [WARN] WTANK07 cooling reserve falling ECCS8 limit
[2026-03-21 19:42] [WARN] WTRPMP duty cycle elevated efficiency reduced
[2026-03-21 19:43] [WARN] WSTPOOL2 waste heat relay soft cap
[2026-03-21 19:44] [ERRO] ECCS8 thermal margin fails WTANK07 partially filled
[2026-03-21 19:46] [ERRO] WTANK07 coolant level below critical shutdown enforced
[2026-03-21 19:47] [ERRO] WTANK07 control response error budget exceeded
[2026-03-21 19:47] [WARN] WTANK07 cooling reserve falling ECCS8 limit
[2026-03-21 19:48] [ERRO] ECCS8 thermal margin fails WTANK07 partially filled
[2026-03-21 19:49] [WARN] PWR01 input ripple warning limits narrowed
[2026-03-21 19:50] [CRIT] WTRPMP lost stable prime core continuity compromised
[2026-03-21 19:50] [ERRO] WTANK07 coolant level below critical shutdown enforced
[2026-03-21 19:50] [CRIT] ECCS8 core cooling safe gradient cannot maintain
[2026-03-21 19:51] [WARN] PWR01 input ripple warning limits narrowed
[2026-03-21 19:52] [ERRO] WTANK07 coolant level below critical shutdown enforced
[2026-03-21 19:52] [ERRO] WTANK07 level dropped refill timeout
[2026-03-21 19:53] [WARN] ECCS8 thermal drift advisory threshold exceeded
[2026-03-21 19:53] [ERRO] ECCS8 thermal margin fails WTANK07 partially filled
[2026-03-21 19:53] [WARN] STMTURB12 pressure jitter above baseline
[2026-03-21 19:54] [ERRO] WTANK07 unstable refill trend coolant not guaranteed
[2026-03-21 19:54] [CRIT] ECCS8 heat cannot remove WTANK07 volume critical stop
[2026-03-21 19:55] [ERRO] PWR01 transient auxiliary pump control degraded
[2026-03-21 19:55] [ERRO] WTANK07 coolant level below critical shutdown enforced
[2026-03-21 19:56] [ERRO] WTANK07 unstable refill trend coolant not guaranteed
[2026-03-21 19:56] [CRIT] ECCS8 heat cannot remove WTANK07 volume critical stop
[2026-03-21 19:57] [CRIT] ECCS8 heat cannot remove WTANK07 volume critical stop
[2026-03-21 19:58] [WARN] WTANK07 cooling reserve falling ECCS8 limit
[2026-03-21 19:58] [CRIT] ECCS8 heat cannot remove WTANK07 volume critical stop
[2026-03-21 19:59] [WARN] WTANK07 fill trajectory slow reserve constrained
[2026-03-21 19:59] [CRIT] WTRPMP lost stable prime core continuity compromised
[2026-03-21 20:00] [WARN] WTANK07 cooling reserve falling ECCS8 limit
[2026-03-21 20:00] [ERRO] ECCS8 thermal margin fails WTANK07 partially filled
[2026-03-21 20:00] [WARN] WSTPOOL2 waste heat relay soft cap
[2026-03-21 20:01] [ERRO] ECCS8 return temp rose faster emergency bias
[2026-03-21 20:01] [ERRO] WTANK07 coolant level below critical shutdown enforced
[2026-03-21 20:02] [ERRO] WTANK07 recovery step failed degraded operation
[2026-03-21 20:02] [WARN] WTANK07 cooling reserve falling ECCS8 limit
[2026-03-21 20:03] [WARN] ECCS8 rising return temp headroom decreasing
[2026-03-21 20:04] [ERRO] WTANK07 coolant level below critical shutdown enforced
[2026-03-21 20:04] [ERRO] WTRPMP cavitation output pressure cannot hold
[2026-03-21 20:04] [CRIT] ECCS8 heat cannot remove WTANK07 volume critical stop
[2026-03-21 20:05] [CRIT] ECCS8 critical boundary exceeded interlock protected
[2026-03-21 20:05] [ERRO] WTANK07 unstable refill trend coolant not guaranteed
[2026-03-21 20:06] [WARN] ECCS8 rising return temp headroom decreasing
[2026-03-21 20:06] [CRIT] PWR01 stable feed cannot sustain loads shedding
[2026-03-21 20:07] [CRIT] ECCS8 heat cannot remove WTANK07 volume critical stop
[2026-03-21 20:07] [CRIT] WTANK07 coolant level critical threshold hard trip
[2026-03-21 20:07] [ERRO] ECCS8 thermal margin fails WTANK07 partially filled
[2026-03-21 20:08] [ERRO] WTANK07 coolant level below critical shutdown enforced
[2026-03-21 20:08] [CRIT] ECCS8 runaway outlet temp trip
[2026-03-21 20:09] [WARN] WTANK07 cooling reserve falling ECCS8 limit
[2026-03-21 20:09] [CRIT] ECCS8 heat cannot remove WTANK07 volume critical stop
[2026-03-21 20:10] [CRIT] STMTURB12 decoupling sequence thermal risk terminated
[2026-03-21 20:10] [CRIT] ECCS8 heat cannot remove WTANK07 volume critical stop
[2026-03-21 20:11] [WARN] ECCS8 thermal drift advisory threshold exceeded
[2026-03-21 20:11] [ERRO] WTANK07 coolant level below critical shutdown enforced
[2026-03-21 20:11] [CRIT] ECCS8 heat cannot remove WTANK07 volume critical stop
[2026-03-21 20:12] [CRIT] WTRPMP lost stable prime core continuity compromised
[2026-03-21 20:13] [CRIT] ECCS8 runaway outlet temp trip
[2026-03-21 20:13] [WARN] ECCS8 thermal drift advisory threshold exceeded
[2026-03-21 20:14] [ERRO] WTANK07 coolant level below critical shutdown enforced
[2026-03-21 20:14] [ERRO] WTANK07 operational fault persisted constraints enforced
[2026-03-21 20:15] [CRIT] ECCS8 heat cannot remove WTANK07 volume critical stop
[2026-03-21 20:15] [WARN] WSTPOOL2 waste heat relay soft cap
[2026-03-21 20:16] [ERRO] FIRMWARE validation queue fault runtime constrained
[2026-03-21 20:17] [ERRO] WTANK07 coolant level below critical shutdown enforced
[2026-03-21 20:18] [ERRO] ECCS8 return temp rose faster emergency bias
[2026-03-21 20:18] [ERRO] WTANK07 coolant level below critical shutdown enforced
[2026-03-21 20:19] [CRIT] ECCS8 heat cannot remove WTANK07 volume critical stop
[2026-03-21 20:19] [WARN] FIRMWARE watchdog delayed poll retry
[2026-03-21 20:20] [ERRO] PWR01 transient auxiliary pump control degraded
[2026-03-21 20:21] [WARN] ECCS8 rising return temp headroom decreasing
[2026-03-21 20:21] [ERRO] WTANK07 coolant level below critical shutdown enforced
[2026-03-21 20:22] [ERRO] ECCS8 cooling efficiency dropped not recovered
[2026-03-21 20:22] [CRIT] ECCS8 core cooling safe gradient cannot maintain
[2026-03-21 20:23] [ERRO] WTANK07 coolant level below critical shutdown enforced
[2026-03-21 20:23] [CRIT] PWR01 stable feed cannot sustain loads shedding
[2026-03-21 20:24] [CRIT] ECCS8 heat cannot remove WTANK07 volume critical stop
[2026-03-21 20:24] [WARN] WTANK07 level sensor mismatch secondary read
[2026-03-21 20:25] [ERRO] WTRPMP suction profile inconsistent stress increasing
[2026-03-21 20:25] [WARN] ECCS8 thermal drift advisory threshold exceeded
[2026-03-21 20:25] [WARN] ECCS8 rising return temp headroom decreasing
[2026-03-21 20:27] [WARN] STMTURB12 pressure jitter above baseline
[2026-03-21 20:27] [ERRO] WTANK07 coolant level below critical shutdown enforced
[2026-03-21 20:28] [CRIT] ECCS8 heat cannot remove WTANK07 volume critical stop
[2026-03-21 20:28] [WARN] WTRPMP flow margin below startup profile
[2026-03-21 20:29] [ERRO] ECCS8 return temp rose faster emergency bias
[2026-03-21 20:29] [ERRO] WTANK07 coolant level below critical shutdown enforced
[2026-03-21 20:29] [CRIT] PWR01 stable feed cannot sustain loads shedding
[2026-03-21 20:30] [ERRO] WTANK07 coolant level below critical shutdown enforced
[2026-03-21 20:31] [WARN] WTANK07 cooling reserve falling ECCS8 limit
[2026-03-21 20:31] [ERRO] STMTURB12 feedback loop correction budget exceeded
[2026-03-21 20:32] [CRIT] WTANK07 coolant inventory critical shutdown mandatory
[2026-03-21 20:32] [ERRO] PWR01 transient auxiliary pump control degraded
[2026-03-21 20:32] [WARN] WTANK07 cooling reserve falling ECCS8 limit
[2026-03-21 20:33] [CRIT] WTRPMP lost stable prime core continuity compromised
[2026-03-21 20:33] [CRIT] PWR01 stable feed cannot sustain loads shedding
[2026-03-21 20:34] [ERRO] WTANK07 coolant level below critical shutdown enforced
[2026-03-21 20:34] [ERRO] WTANK07 inconsistent feedback fallback applied
[2026-03-21 20:35] [ERRO] ECCS8 thermal margin fails WTANK07 partially filled
[2026-03-21 20:35] [WARN] WTANK07 cooling reserve falling ECCS8 limit
[2026-03-21 20:36] [CRIT] ECCS8 heat cannot remove WTANK07 volume critical stop
[2026-03-21 20:37] [CRIT] ECCS8 heat cannot remove WTANK07 volume critical stop
[2026-03-21 20:37] [ERRO] WTANK07 coolant level below critical shutdown enforced
[2026-03-21 20:38] [CRIT] ECCS8 heat cannot remove WTANK07 volume critical stop
[2026-03-21 20:38] [WARN] ECCS8 thermal drift advisory threshold exceeded
[2026-03-21 20:39] [WARN] WTANK07 cooling reserve falling ECCS8 limit
[2026-03-21 20:39] [CRIT] PWR01 stable feed cannot sustain loads shedding
[2026-03-21 20:40] [ERRO] STMTURB12 feedback loop correction budget exceeded
[2026-03-21 20:40] [WARN] ECCS8 rising return temp headroom decreasing
[2026-03-21 20:41] [CRIT] ECCS8 heat cannot remove WTANK07 volume critical stop
[2026-03-21 20:41] [ERRO] WTANK07 level dropped refill timeout
[2026-03-21 20:42] [WARN] WTANK07 cooling reserve falling ECCS8 limit
[2026-03-21 20:42] [CRIT] ECCS8 heat cannot remove WTANK07 volume critical stop
[2026-03-21 20:43] [CRIT] FIRMWARE emergency guard branch manual override locked
[2026-03-21 20:43] [ERRO] WTANK07 coolant level below critical shutdown enforced
[2026-03-21 20:44] [ERRO] WTANK07 control response error budget exceeded
[2026-03-21 20:44] [WARN] WTANK07 cooling reserve falling ECCS8 limit
[2026-03-21 20:45] [ERRO] WTANK07 coolant level below critical shutdown enforced
[2026-03-21 20:45] [ERRO] FIRMWARE validation queue fault runtime constrained
[2026-03-21 20:46] [WARN] WTANK07 cooling reserve falling ECCS8 limit
[2026-03-21 20:46] [ERRO] WTANK07 coolant level below critical shutdown enforced
[2026-03-21 20:47] [ERRO] WSTPOOL2 heat transfer path saturated lag
[2026-03-21 20:47] [CRIT] WTRPMP lost stable prime core continuity compromised
[2026-03-21 20:47] [ERRO] WTANK07 coolant level below critical shutdown enforced
[2026-03-21 20:48] [CRIT] WTANK07 coolant level critical threshold hard trip
[2026-03-21 20:48] [ERRO] ECCS8 return temp rose faster emergency bias
[2026-03-21 20:49] [WARN] WTANK07 fill trajectory slow reserve constrained
[2026-03-21 20:50] [CRIT] FIRMWARE emergency guard branch manual override locked
[2026-03-21 20:50] [ERRO] WTANK07 coolant level below critical shutdown enforced
[2026-03-21 20:50] [CRIT] ECCS8 heat cannot remove WTANK07 volume critical stop
[2026-03-21 20:51] [ERRO] WTRPMP cavitation output pressure cannot hold
[2026-03-21 20:52] [ERRO] ECCS8 thermal margin fails WTANK07 partially filled
[2026-03-21 20:52] [ERRO] PWR01 transient auxiliary pump control degraded
[2026-03-21 20:53] [WARN] PWR01 input ripple warning limits narrowed
[2026-03-21 20:54] [WARN] WTANK07 cooling reserve falling ECCS8 limit
[2026-03-21 20:56] [WARN] WTANK07 fill trajectory slow reserve constrained
[2026-03-21 20:57] [ERRO] WTANK07 coolant level below critical shutdown enforced
[2026-03-21 20:57] [WARN] WTRPMP duty cycle elevated efficiency reduced
[2026-03-21 20:57] [ERRO] ECCS8 thermal margin fails WTANK07 partially filled
[2026-03-21 20:58] [ERRO] WTANK07 coolant level below critical shutdown enforced
[2026-03-21 20:59] [CRIT] WTANK07 coolant final trip FIRMWARE shutdown
[2026-03-21 20:59] [ERRO] WTANK07 coolant level below critical shutdown enforced
[2026-03-21 21:00] [CRIT] WTANK07 coolant level critical threshold hard trip
[2026-03-21 21:00] [CRIT] WSTPOOL2 absorption path emergency boundary
[2026-03-21 21:01] [WARN] WTANK07 cooling reserve falling ECCS8 limit
[2026-03-21 21:01] [WARN] PWR01 input ripple warning limits narrowed
[2026-03-21 21:01] [ERRO] WTANK07 coolant level below critical shutdown enforced
[2026-03-21 21:02] [WARN] WSTPOOL2 waste heat relay soft cap
[2026-03-21 21:02] [WARN] WTANK07 cooling reserve falling ECCS8 limit
[2026-03-21 21:03] [CRIT] WTRPMP lost stable prime core continuity compromised
[2026-03-21 21:03] [ERRO] WTANK07 coolant level below critical shutdown enforced
[2026-03-21 21:04] [CRIT] ECCS8 heat cannot remove WTANK07 volume critical stop
[2026-03-21 21:05] [CRIT] STMTURB12 decoupling sequence thermal risk terminated
[2026-03-21 21:05] [CRIT] FIRMWARE emergency guard branch manual override locked
[2026-03-21 21:06] [ERRO] WTANK07 coolant level below critical shutdown enforced
[2026-03-21 21:06] [WARN] ECCS8 rising return temp headroom decreasing
[2026-03-21 21:07] [WARN] ECCS8 thermal drift advisory threshold exceeded
[2026-03-21 21:07] [WARN] STMTURB12 pressure jitter above baseline
[2026-03-21 21:08] [ERRO] WTANK07 level dropped refill timeout
[2026-03-21 21:08] [CRIT] ECCS8 heat cannot remove WTANK07 volume critical stop
[2026-03-21 21:08] [CRIT] FIRMWARE emergency guard branch manual override locked
[2026-03-21 21:09] [WARN] FIRMWARE watchdog delayed poll retry
[2026-03-21 21:09] [WARN] PWR01 input ripple warning limits narrowed
[2026-03-21 21:10] [ERRO] WTANK07 coolant level below critical shutdown enforced
[2026-03-21 21:10] [ERRO] ECCS8 thermal margin fails WTANK07 partially filled
[2026-03-21 21:11] [ERRO] ECCS8 return temp rose faster emergency bias
[2026-03-21 21:11] [ERRO] ECCS8 recovery step failed degraded operation
[2026-03-21 21:12] [ERRO] WTANK07 coolant level below critical shutdown enforced
[2026-03-21 21:12] [WARN] PWR01 input ripple warning limits narrowed
[2026-03-21 21:12] [WARN] WTANK07 fill trajectory slow reserve constrained
[2026-03-21 21:13] [ERRO] WTANK07 coolant level below critical shutdown enforced
[2026-03-21 21:13] [WARN] WSTPOOL2 waste heat relay soft cap
[2026-03-21 21:14] [CRIT] WSTPOOL2 absorption path emergency boundary
[2026-03-21 21:15] [WARN] FIRMWARE watchdog delayed poll retry
[2026-03-21 21:16] [CRIT] WSTPOOL2 absorption path emergency boundary
[2026-03-21 21:17] [ERRO] WTANK07 coolant level below critical shutdown enforced
[2026-03-21 21:17] [ERRO] WTANK07 operational fault persisted constraints enforced
[2026-03-21 21:18] [ERRO] WTRPMP cavitation output pressure cannot hold
[2026-03-21 21:18] [ERRO] WTANK07 coolant level below critical shutdown enforced
[2026-03-21 21:19] [WARN] WTANK07 fill trajectory slow reserve constrained
[2026-03-21 21:20] [ERRO] WTANK07 coolant level below critical shutdown enforced
[2026-03-21 21:20] [WARN] WTRPMP duty cycle elevated efficiency reduced
[2026-03-21 21:22] [WARN] WSTPOOL2 waste heat relay soft cap
[2026-03-21 21:22] [CRIT] WTANK07 coolant level critical threshold hard trip
[2026-03-21 21:23] [ERRO] WTANK07 coolant level below critical shutdown enforced
[2026-03-21 21:23] [ERRO] WTANK07 inconsistent feedback fallback applied
[2026-03-21 21:24] [CRIT] WTRPMP lost stable prime core continuity compromised
[2026-03-21 21:25] [ERRO] STMTURB12 feedback loop correction budget exceeded
[2026-03-21 21:25] [ERRO] FIRMWARE validation queue fault runtime constrained
[2026-03-21 21:26] [CRIT] ECCS8 heat cannot remove WTANK07 volume critical stop
[2026-03-21 21:26] [WARN] WTANK07 fill trajectory slow reserve constrained
[2026-03-21 21:27] [ERRO] WTANK07 coolant level below critical shutdown enforced
[2026-03-21 21:27] [CRIT] WTANK07 coolant level critical threshold hard trip
[2026-03-21 21:28] [ERRO] WTANK07 coolant level below critical shutdown enforced
[2026-03-21 21:29] [ERRO] ECCS8 thermal margin fails WTANK07 partially filled
[2026-03-21 21:29] [ERRO] WSTPOOL2 heat transfer path saturated lag
[2026-03-21 21:30] [ERRO] ECCS8 return temp rose faster emergency bias
[2026-03-21 21:31] [WARN] FIRMWARE watchdog delayed poll retry
[2026-03-21 21:31] [WARN] STMTURB12 pressure jitter above baseline
[2026-03-21 21:32] [ERRO] WTANK07 level dropped refill timeout
[2026-03-21 21:33] [WARN] WTRPMP duty cycle elevated efficiency reduced
[2026-03-21 21:33] [CRIT] ECCS8 runaway outlet temp trip
[2026-03-21 21:33] [ERRO] WTANK07 coolant level below critical shutdown enforced
[2026-03-21 21:34] [ERRO] WTANK07 coolant level below critical shutdown enforced
[2026-03-21 21:35] [WARN] WTANK07 fill trajectory slow reserve constrained
[2026-03-21 21:35] [WARN] WTANK07 cooling reserve falling ECCS8 limit
[2026-03-21 21:36] [ERRO] WTANK07 coolant level below critical shutdown enforced
[2026-03-21 21:36] [WARN] WTANK07 cooling reserve falling ECCS8 limit
[2026-03-21 21:37] [CRIT] WTANK07 final trip critical water level FIRMWARE shutdown