[2026-03-21 06:02] [WARN] STMTURB12 pressure jitter above baseline
[2026-03-21 06:02] [INFO] FIRMWARE boot checkpoint accepted nominal
[2026-03-21 06:03] [WARN] ECCS8 thermal drift exceeds advisory
[2026-03-21 06:04] [CRIT] ECCS8 runaway outlet temp reactor trip
[2026-03-21 06:04] [WARN] WTANK07 fill trajectory slow cooling constrained
[2026-03-21 06:05] [ERRO] FIRMWARE validation nonblocking fault runtime constrained
[2026-03-21 06:05] [WARN] WTRPMP flow margin below startup
[2026-03-21 06:09] [INFO] FIRMWARE boot checkpoint accepted nominal
[2026-03-21 06:10] [INFO] PWR01 power bus handshake stable
[2026-03-21 06:10] [WARN] ECCS8 thermal drift exceeds advisory
[2026-03-21 06:11] [WARN] PWR01 input ripple warning limits
[2026-03-21 06:13] [INFO] PWR01 power bus handshake stable
[2026-03-21 06:13] [INFO] FIRMWARE sync token validated online
[2026-03-21 06:14] [WARN] FIRMWARE watchdog delayed poll
[2026-03-21 06:15] [INFO] FIRMWARE boot checkpoint accepted nominal
[2026-03-21 06:16] [INFO] FIRMWARE sync token validated online
[2026-03-21 06:16] [CRIT] WSTPOOL2 absorption path emergency boundary
[2026-03-21 06:18] [INFO] PWR01 power bus handshake stable
[2026-03-21 06:20] [INFO] FIRMWARE boot checkpoint accepted nominal
[2026-03-21 06:21] [INFO] FIRMWARE sync token validated online
[2026-03-21 06:23] [INFO] PWR01 power bus handshake stable
[2026-03-21 06:24] [INFO] FIRMWARE sync token validated online
[2026-03-21 06:25] [INFO] FIRMWARE boot checkpoint accepted nominal
[2026-03-21 06:28] [INFO] FIRMWARE boot checkpoint accepted nominal
[2026-03-21 06:30] [WARN] ECCS8 rising return temp headroom decreasing
[2026-03-21 06:30] [INFO] FIRMWARE sync token validated online
[2026-03-21 06:30] [WARN] WSTPOOL2 waste heat relay soft cap
[2026-03-21 06:31] [INFO] FIRMWARE boot checkpoint accepted nominal
[2026-03-21 06:32] [WARN] ECCS8 rising return temp headroom decreasing
[2026-03-21 06:33] [INFO] PWR01 power bus handshake stable
[2026-03-21 06:35] [ERRO] PWR01 transient disturbed aux pump control degraded
[2026-03-21 06:35] [INFO] FIRMWARE sync token validated online
[2026-03-21 06:36] [ERRO] WTANK07 unstable refill trend coolant not guaranteed
[2026-03-21 06:37] [WARN] ECCS8 rising return temp headroom decreasing
[2026-03-21 06:37] [ERRO] STMTURB12 feedback loop correction budget exceeded
[2026-03-21 06:38] [WARN] WTRPMP flow margin below startup
[2026-03-21 06:40] [WARN] ECCS8 rising return temp headroom decreasing
[2026-03-21 06:41] [WARN] ECCS8 thermal drift exceeds advisory
[2026-03-21 06:43] [INFO] FIRMWARE sync token validated online
[2026-03-21 06:43] [INFO] FIRMWARE boot checkpoint accepted nominal
[2026-03-21 06:44] [WARN] WTRPMP flow margin below startup
[2026-03-21 06:44] [INFO] FIRMWARE sync token validated online
[2026-03-21 06:48] [INFO] FIRMWARE sync token validated online
[2026-03-21 06:49] [WARN] ECCS8 rising return temp headroom decreasing
[2026-03-21 06:50] [WARN] WTRPMP duty cycle elevated reduce efficiency
[2026-03-21 06:50] [WARN] FIRMWARE watchdog delayed poll
[2026-03-21 06:52] [WARN] WTRPMP flow margin below startup
[2026-03-21 06:52] [WARN] WTANK07 level sensor minor mismatch
[2026-03-21 06:53] [INFO] FIRMWARE sync token validated online
[2026-03-21 06:53] [INFO] FIRMWARE nominal response routine poll
[2026-03-21 06:55] [INFO] FIRMWARE sync token validated online
[2026-03-21 06:55] [WARN] FIRMWARE watchdog delayed poll
[2026-03-21 06:56] [INFO] FIRMWARE boot checkpoint accepted nominal
[2026-03-21 06:58] [WARN] ECCS8 rising return temp headroom decreasing
[2026-03-21 06:58] [INFO] FIRMWARE sync token validated online
[2026-03-21 06:59] [INFO] FIRMWARE boot checkpoint accepted nominal
[2026-03-21 06:59] [ERRO] STMTURB12 feedback loop correction budget exceeded
[2026-03-21 06:59] [INFO] FIRMWARE sync token validated online
[2026-03-21 07:02] [WARN] WSTPOOL2 waste heat relay soft cap
[2026-03-21 07:03] [INFO] PWR01 power bus handshake stable
[2026-03-21 07:04] [INFO] FIRMWARE boot checkpoint accepted nominal
[2026-03-21 07:04] [INFO] PWR01 power bus handshake stable
[2026-03-21 07:05] [WARN] PWR01 input ripple warning limits
[2026-03-21 07:06] [WARN] ECCS8 rising return temp headroom decreasing
[2026-03-21 07:08] [INFO] FIRMWARE boot checkpoint accepted nominal
[2026-03-21 07:09] [WARN] WTANK07 level sensor minor mismatch
[2026-03-21 07:10] [INFO] FIRMWARE boot checkpoint accepted nominal
[2026-03-21 07:10] [INFO] FIRMWARE sync token validated online
[2026-03-21 07:11] [INFO] FIRMWARE boot checkpoint accepted nominal
[2026-03-21 07:12] [INFO] FIRMWARE sync token validated online
[2026-03-21 07:12] [WARN] WTRPMP flow margin below startup
[2026-03-21 07:15] [INFO] FIRMWARE sync token validated online
[2026-03-21 07:16] [INFO] FIRMWARE boot checkpoint accepted nominal
[2026-03-21 07:16] [WARN] FIRMWARE watchdog delayed poll
[2026-03-21 07:17] [INFO] FIRMWARE boot checkpoint accepted nominal
[2026-03-21 07:17] [INFO] FIRMWARE boot checkpoint accepted nominal
[2026-03-21 07:18] [WARN] PWR01 input ripple warning limits
[2026-03-21 07:19] [INFO] FIRMWARE boot checkpoint accepted nominal
[2026-03-21 07:19] [INFO] FIRMWARE sync token validated online
[2026-03-21 07:22] [WARN] WTANK07 fill trajectory slow cooling constrained
[2026-03-21 07:24] [WARN] WTANK07 level sensor minor mismatch
[2026-03-21 07:24] [ERRO] WTRPMP suction profile inconsistent mechanical stress
[2026-03-21 07:25] [INFO] FIRMWARE boot checkpoint accepted nominal
[2026-03-21 07:25] [INFO] PWR01 power bus handshake stable
[2026-03-21 07:26] [INFO] FIRMWARE boot checkpoint accepted nominal
[2026-03-21 07:27] [WARN] PWR01 input ripple warning limits
[2026-03-21 07:27] [WARN] ECCS8 thermal drift exceeds advisory
[2026-03-21 07:28] [INFO] PWR01 power bus handshake stable
[2026-03-21 07:2