2026-04-01 20:36:14,103 - Base data: {'startDate': '2026-04-02', 'startHour': '18:00:00', 'windMs': 25.0, 'pitchAngle': 90}
2026-04-01 20:36:14,103 - Mirrored data for unlockCodeGenerator: {'startDate': '2026-04-02', 'startHour': '18:00:00', 'windMs': 0.52, 'pitchAngle': 9}
2026-04-01 20:36:14,220 - Request for mirrored unlock code has been queued.
2026-04-01 20:36:15,285 - Polling... got: {'code': 11, 'message': 'No completed queued response is available yet.'}
2026-04-01 20:36:16,324 - Polling... got: {'code': 11, 'message': 'No completed queued response is available yet.'}
2026-04-01 20:36:17,370 - Polling... got: {'code': 11, 'message': 'No completed queued response is available yet.'}
2026-04-01 20:36:18,413 - Polling... got: {'code': 11, 'message': 'No completed queued response is available yet.'}
2026-04-01 20:36:19,456 - Polling... got: {'code': 11, 'message': 'No completed queued response is available yet.'}
2026-04-01 20:36:20,503 - Polling... got: {'code': 11, 'message': 'No completed queued response is available yet.'}
2026-04-01 20:36:21,550 - Polling... got: {'code': 11, 'message': 'No completed queued response is available yet.'}
2026-04-01 20:36:22,590 - Polling... got: {'code': 11, 'message': 'No completed queued response is available yet.'}
2026-04-01 20:36:23,631 - Polling... got: {'code': 11, 'message': 'No completed queued response is available yet.'}
2026-04-01 20:36:24,702 - Polling... got: {'code': 11, 'message': 'No completed queued response is available yet.'}
2026-04-01 20:36:25,752 - Polling... got: {'code': 11, 'message': 'No completed queued response is available yet.'}
2026-04-01 20:36:26,800 - Polling... got: {'code': 11, 'message': 'No completed queued response is available yet.'}
2026-04-01 20:36:27,849 - Polling... got: {'code': 11, 'message': 'No completed queued response is available yet.'}
2026-04-01 20:36:28,890 - Polling... got: {'code': 11, 'message': 'No completed queued response is available yet.'}
2026-04-01 20:36:29,940 - Polling... got: {'code': 11, 'message': 'No completed queued response is available yet.'}
2026-04-01 20:36:30,981 - Polling... got: {'code': 11, 'message': 'No completed queued response is available yet.'}
2026-04-01 20:36:32,026 - Polling... got: {'code': 11, 'message': 'No completed queued response is available yet.'}
2026-04-01 20:36:33,061 - Polling... got: {'code': 11, 'message': 'No completed queued response is available yet.'}
2026-04-01 20:36:34,103 - Polling... got: {'code': 11, 'message': 'No completed queued response is available yet.'}
2026-04-01 20:36:35,145 - Polling... got: {'code': 11, 'message': 'No completed queued response is available yet.'}
2026-04-01 20:36:36,192 - Polling... got: {'code': 11, 'message': 'No completed queued response is available yet.'}
2026-04-01 20:36:37,238 - Polling... got: {'code': 11, 'message': 'No completed queued response is available yet.'}
2026-04-01 20:36:38,315 - Polling... got: {'code': 11, 'message': 'No completed queued response is available yet.'}
2026-04-01 20:36:39,362 - Polling... got: {'code': 11, 'message': 'No completed queued response is available yet.'}
2026-04-01 20:36:40,396 - Polling... got: {'code': 11, 'message': 'No completed queued response is available yet.'}
2026-04-01 20:36:41,437 - Polling... got: {'code': 11, 'message': 'No completed queued response is available yet.'}
2026-04-01 20:36:42,475 - Polling... got: {'code': 11, 'message': 'No completed queued response is available yet.'}
2026-04-01 20:36:43,513 - Polling... got: {'code': 11, 'message': 'No completed queued response is available yet.'}
2026-04-01 20:36:44,550 - Polling... got: {'code': 11, 'message': 'No completed queued response is available yet.'}
2026-04-01 20:36:45,585 - Polling... got: {'code': 11, 'message': 'No completed queued response is available yet.'}
2026-04-01 20:36:45,585 - Failed to retrieve mirrored unlock code.
