2026-04-01 20:03:35,116 - Orchestrator: Starting the Windpower Task (40s limit).
2026-04-01 20:03:35,116 - PollingAgent: Started listening on getResult loop.
2026-04-01 20:03:35,116 - ActionAgent: Sending -> start
2026-04-01 20:03:35,205 - PollingAgent: Received Raw JSON -> {"code": 11, "message": "No completed queued response is available yet."}
2026-04-01 20:03:35,205 - PollingAgent: Caught Unlock Code.
2026-04-01 20:03:35,285 - ActionAgent: Sending -> help
2026-04-01 20:03:35,744 - PollingAgent: Received Raw JSON -> {"code": 11, "message": "No completed queued response is available yet."}
2026-04-01 20:03:35,745 - PollingAgent: Caught Unlock Code.
2026-04-01 20:03:36,280 - PollingAgent: Received Raw JSON -> {"code": 11, "message": "No completed queued response is available yet."}
2026-04-01 20:03:36,280 - PollingAgent: Caught Unlock Code.
2026-04-01 20:03:36,816 - PollingAgent: Received Raw JSON -> {"code": 11, "message": "No completed queued response is available yet."}
2026-04-01 20:03:36,816 - PollingAgent: Caught Unlock Code.
2026-04-01 20:03:37,395 - PollingAgent: Received Raw JSON -> {"code": 11, "message": "No completed queued response is available yet."}
2026-04-01 20:03:37,395 - PollingAgent: Caught Unlock Code.
2026-04-01 20:03:37,928 - PollingAgent: Received Raw JSON -> {"code": 11, "message": "No completed queued response is available yet."}
2026-04-01 20:03:37,928 - PollingAgent: Caught Unlock Code.
2026-04-01 20:03:38,489 - PollingAgent: Received Raw JSON -> {"code": 11, "message": "No completed queued response is available yet."}
2026-04-01 20:03:38,489 - PollingAgent: Caught Unlock Code.
2026-04-01 20:03:39,021 - PollingAgent: Received Raw JSON -> {"code": 11, "message": "No completed queued response is available yet."}
2026-04-01 20:03:39,021 - PollingAgent: Caught Unlock Code.
2026-04-01 20:03:39,558 - PollingAgent: Received Raw JSON -> {"code": 11, "message": "No completed queued response is available yet."}
2026-04-01 20:03:39,558 - PollingAgent: Caught Unlock Code.
2026-04-01 20:03:40,097 - PollingAgent: Received Raw JSON -> {"code": 11, "message": "No completed queued response is available yet."}
2026-04-01 20:03:40,097 - PollingAgent: Caught Unlock Code.
2026-04-01 20:03:40,336 - Orchestrator: Timed out waiting for 'help' response. Aborting.
2026-04-01 20:03:40,336 - PollingAgent: Stopped.
