2026-04-01 20:04:42,825 - Orchestrator: Starting the Windpower Task (40s limit).
2026-04-01 20:04:42,826 - PollingAgent: Started listening on getResult loop.
2026-04-01 20:04:42,826 - ActionAgent: Sending -> start
2026-04-01 20:04:42,953 - ActionAgent: Sync Response -> {
    "code": 60,
    "message": "Windpower session started.",
    "sessionStart": "2026-04-01 20:04:41",
    "sessionTimeout": 40
}
2026-04-01 20:04:42,953 - ActionAgent: Got sync response: {'code': 60, 'message': 'Windpower session started.', 'sessionStart': '2026-04-01 20:04:41', 'sessionTimeout': 40}
2026-04-01 20:04:43,064 - ActionAgent: Sending -> help
2026-04-01 20:04:43,114 - ActionAgent: Sync Response -> {
    "code": 13,
    "message": "Windpower API help",
    "actions": {
        "start": {
            "required": [],
            "description": "Starts a new service window and initializes task state."
        },
        "get": {
            "required": [
                "param"
            ],
            "paramValues": [
                "weather",
                "turbinecheck",
                "powerplantcheck",
                "documentation"
            ],
            "description": "Requests task data. For weather, turbinecheck, and powerplantcheck use getResult to fetch final response. Documentation is returned directly."
        },
        "getResult": {
            "required": [],
            "description": "Returns one completed queued response with sourceFunction field. Retrieved item is removed from queue."
        },
        "config": {
            "requiredSingle": [
                "startDate",
                "startHour",
                "pitchAngle",
                "turbineMode",
                "unlockCode"
            ],
            "requiredBatch": [
                "configs"
            ],
            "description": "Stores scheduling config points. Accepts single point or multiple points in configs. turbineMode: 'production' enables generation, 'idle' disables turbine. unlockCode is required for every point."
        },
        "unlockCodeGenerator": {
            "required": [
                "startDate",
                "startHour",
                "windMs",
                "pitchAngle"
            ],
            "description": "Generates unlockCode signature for given configuration. Result is asynchronous and must be collected with getResult."
        },
        "done": {
            "required": [],
            "description": "Validates final configuration and returns flag on success."
        }
    },
    "notes": [
        "Run start first.",
        "Run turbinecheck before done.",
        "Use getResult for queued outputs."
    ]
}
2026-04-01 20:04:43,115 - ActionAgent: Got sync response: {'code': 13, 'message': 'Windpower API help', 'actions': {'start': {'required': [], 'description': 'Starts a new service window and initializes task state.'}, 'get': {'required': ['param'], 'paramValues': ['weather', 'turbinecheck', 'powerplantcheck', 'documentation'], 'description': 'Requests task data. For weather, turbinecheck, and powerplantcheck use getResult to fetch final response. Documentation is returned directly.'}, 'getResult': {'required': [], 'description': 'Returns one completed queued response with sourceFunction field. Retrieved item is removed from queue.'}, 'config': {'requiredSingle': ['startDate', 'startHour', 'pitchAngle', 'turbineMode', 'unlockCode'], 'requiredBatch': ['configs'], 'description': "Stores scheduling config points. Accepts single point or multiple points in configs. turbineMode: 'production' enables generation, 'idle' disables turbine. unlockCode is required for every point."}, 'unlockCodeGenerator': {'required': ['startDate', 'startHour', 'windMs', 'pitchAngle'], 'description': 'Generates unlockCode signature for given configuration. Result is asynchronous and must be collected with getResult.'}, 'done': {'required': [], 'description': 'Validates final configuration and returns flag on success.'}}, 'notes': ['Run start first.', 'Run turbinecheck before done.', 'Use getResult for queued outputs.']}
2026-04-01 20:04:43,428 - PollingAgent: Received Raw JSON -> {"code": 11, "message": "No completed queued response is available yet."}
2026-04-01 20:04:43,970 - PollingAgent: Received Raw JSON -> {"code": 11, "message": "No completed queued response is available yet."}
2026-04-01 20:04:44,512 - PollingAgent: Received Raw JSON -> {"code": 11, "message": "No completed queued response is available yet."}
2026-04-01 20:04:45,108 - PollingAgent: Received Raw JSON -> {"code": 11, "message": "No completed queued response is available yet."}
2026-04-01 20:04:45,645 - PollingAgent: Received Raw JSON -> {"code": 11, "message": "No completed queued response is available yet."}
2026-04-01 20:04:46,183 - PollingAgent: Received Raw JSON -> {"code": 11, "message": "No completed queued response is available yet."}
2026-04-01 20:04:46,724 - PollingAgent: Received Raw JSON -> {"code": 11, "message": "No completed queued response is available yet."}
2026-04-01 20:04:47,284 - PollingAgent: Received Raw JSON -> {"code": 11, "message": "No completed queued response is available yet."}
2026-04-01 20:04:47,855 - PollingAgent: Received Raw JSON -> {"code": 11, "message": "No completed queued response is available yet."}
2026-04-01 20:04:48,406 - PollingAgent: Received Raw JSON -> {"code": 11, "message": "No completed queued response is available yet."}
2026-04-01 20:04:48,941 - PollingAgent: Received Raw JSON -> {"code": 11, "message": "No completed queued response is available yet."}
2026-04-01 20:04:49,483 - PollingAgent: Received Raw JSON -> {"code": 11, "message": "No completed queued response is available yet."}
2026-04-01 20:04:50,023 - PollingAgent: Received Raw JSON -> {"code": 11, "message": "No completed queued response is available yet."}
2026-04-01 20:04:50,562 - PollingAgent: Received Raw JSON -> {"code": 11, "message": "No completed queued response is available yet."}
2026-04-01 20:04:51,105 - PollingAgent: Received Raw JSON -> {"code": 11, "message": "No completed queued response is available yet."}
2026-04-01 20:04:51,644 - PollingAgent: Received Raw JSON -> {"code": 11, "message": "No completed queued response is available yet."}
2026-04-01 20:04:52,213 - PollingAgent: Received Raw JSON -> {"code": 11, "message": "No completed queued response is available yet."}
2026-04-01 20:04:52,764 - PollingAgent: Received Raw JSON -> {"code": 11, "message": "No completed queued response is available yet."}
2026-04-01 20:04:53,297 - PollingAgent: Received Raw JSON -> {"code": 11, "message": "No completed queued response is available yet."}
2026-04-01 20:04:53,838 - PollingAgent: Received Raw JSON -> {"code": 11, "message": "No completed queued response is available yet."}
2026-04-01 20:04:54,399 - PollingAgent: Received Raw JSON -> {"code": 11, "message": "No completed queued response is available yet."}
2026-04-01 20:04:54,942 - PollingAgent: Received Raw JSON -> {"code": 11, "message": "No completed queued response is available yet."}
2026-04-01 20:04:55,485 - PollingAgent: Received Raw JSON -> {"code": 11, "message": "No completed queued response is available yet."}
2026-04-01 20:04:56,047 - PollingAgent: Received Raw JSON -> {"code": 11, "message": "No completed queued response is available yet."}
2026-04-01 20:04:56,597 - PollingAgent: Received Raw JSON -> {"code": 11, "message": "No completed queued response is available yet."}
2026-04-01 20:04:57,132 - PollingAgent: Received Raw JSON -> {"code": 11, "message": "No completed queued response is available yet."}
2026-04-01 20:04:57,671 - PollingAgent: Received Raw JSON -> {"code": 11, "message": "No completed queued response is available yet."}
2026-04-01 20:04:58,116 - Orchestrator: Timed out waiting for 'help' response. Aborting.
2026-04-01 20:04:58,117 - PollingAgent: Stopped.
