2026-04-01 20:38:40,835 - Starting new session to find palindrome code...
2026-04-01 20:38:40,911 - Fetching weather forecast...
2026-04-01 20:38:41,986 - Weather poll 1/35: Got No completed queued response is available yet.
2026-04-01 20:38:43,027 - Weather poll 2/35: Got No completed queued response is available yet.
2026-04-01 20:38:44,073 - Weather poll 3/35: Got No completed queued response is available yet.
2026-04-01 20:38:45,107 - Weather poll 4/35: Got No completed queued response is available yet.
2026-04-01 20:38:46,153 - Weather poll 5/35: Got No completed queued response is available yet.
2026-04-01 20:38:47,200 - Weather poll 6/35: Got No completed queued response is available yet.
2026-04-01 20:38:48,235 - Weather poll 7/35: Got No completed queued response is available yet.
2026-04-01 20:38:49,284 - Weather poll 8/35: Got No completed queued response is available yet.
2026-04-01 20:38:50,329 - Weather poll 9/35: Got No completed queued response is available yet.
2026-04-01 20:38:51,377 - Weather poll 10/35: Got No completed queued response is available yet.
2026-04-01 20:38:52,423 - Weather poll 11/35: Got No completed queued response is available yet.
2026-04-01 20:38:53,470 - Weather poll 12/35: Got No completed queued response is available yet.
2026-04-01 20:38:54,505 - Weather poll 13/35: Got No completed queued response is available yet.
2026-04-01 20:38:55,553 - Weather poll 14/35: Got No completed queued response is available yet.
2026-04-01 20:38:56,603 - Weather poll 15/35: Got No completed queued response is available yet.
2026-04-01 20:38:57,650 - Weather poll 16/35: Got No completed queued response is available yet.
2026-04-01 20:38:58,696 - Weather poll 17/35: Got No completed queued response is available yet.
2026-04-01 20:38:59,733 - Weather poll 18/35: Got No completed queued response is available yet.
2026-04-01 20:39:00,777 - Weather poll 19/35: Got No completed queued response is available yet.
2026-04-01 20:39:01,819 - Weather poll 20/35: Got No completed queued response is available yet.
2026-04-01 20:39:02,855 - Weather poll 21/35: Got No completed queued response is available yet.
2026-04-01 20:39:03,903 - Weather poll 22/35: Got No completed queued response is available yet.
2026-04-01 20:39:04,972 - Weather poll 23/35: Got weather
2026-04-01 20:39:04,972 - Weather data received. Forecast has 84 points.
2026-04-01 20:39:04,973 - Generated 252 combinations. Firing all unlockCodeGenerator requests...
2026-04-01 20:39:09,632 - All unlockCodeGenerator requests have been queued.
