2026-04-01 20:45:03,009 - Starting a temporary session to fetch weather data...
2026-04-01 20:45:27,007 - Weather data received.
2026-04-01 20:45:27,009 - Created 252 combinations, split into 9 batches of size 30.
2026-04-01 20:45:27,009 - --- Starting Batch 1/9 ---
2026-04-01 20:45:27,374 - Queued 30 requests for this batch.
2026-04-01 20:46:01,258 - --- Starting Batch 2/9 ---
2026-04-01 20:46:01,611 - Queued 30 requests for this batch.
2026-04-01 20:46:35,524 - --- Starting Batch 3/9 ---
2026-04-01 20:46:36,630 - Queued 30 requests for this batch.
2026-04-01 20:47:10,428 - --- Starting Batch 4/9 ---
2026-04-01 20:47:10,853 - Queued 30 requests for this batch.
2026-04-01 20:47:44,844 - --- Starting Batch 5/9 ---
2026-04-01 20:47:45,210 - Queued 30 requests for this batch.
2026-04-01 20:48:19,018 - --- Starting Batch 6/9 ---
2026-04-01 20:48:20,142 - Queued 30 requests for this batch.
2026-04-01 20:48:53,943 - --- Starting Batch 7/9 ---
2026-04-01 20:48:54,342 - Queued 30 requests for this batch.
2026-04-01 20:49:28,142 - --- Starting Batch 8/9 ---
2026-04-01 20:49:28,547 - Queued 30 requests for this batch.
2026-04-01 20:50:02,205 - --- Starting Batch 9/9 ---
2026-04-01 20:50:02,384 - Queued 12 requests for this batch.
2026-04-01 20:50:36,281 - Brute-force search completed, but no palindrome code was found.
