2026-04-01 20:51:13,852 - Starting a temporary session to fetch weather data...
2026-04-01 20:51:37,928 - Weather data received.
2026-04-01 20:51:37,930 - Created 252 combinations, split into 9 batches of size 30.
2026-04-01 20:51:37,930 - --- Starting Batch 1/9 ---
2026-04-01 20:51:38,249 - Queued 30 requests for this batch.
2026-04-01 20:52:12,119 - --- Starting Batch 2/9 ---
2026-04-01 20:52:12,546 - Queued 30 requests for this batch.
2026-04-01 20:52:46,302 - --- Starting Batch 3/9 ---
2026-04-01 20:52:46,716 - Queued 30 requests for this batch.
2026-04-01 20:53:20,570 - --- Starting Batch 4/9 ---
2026-04-01 20:53:20,965 - Queued 30 requests for this batch.
2026-04-01 20:53:54,698 - --- Starting Batch 5/9 ---
2026-04-01 20:53:55,085 - Queued 30 requests for this batch.
2026-04-01 20:54:28,780 - --- Starting Batch 6/9 ---
2026-04-01 20:54:29,155 - Queued 30 requests for this batch.
2026-04-01 20:55:02,914 - --- Starting Batch 7/9 ---
2026-04-01 20:55:03,279 - Queued 30 requests for this batch.
2026-04-01 20:55:37,084 - --- Starting Batch 8/9 ---
2026-04-01 20:55:38,215 - Queued 30 requests for this batch.
2026-04-01 20:56:11,873 - --- Starting Batch 9/9 ---
2026-04-01 20:56:12,079 - Queued 12 requests for this batch.
2026-04-01 20:56:45,976 - Brute-force search completed, but no palindrome code was found.
