2026-04-01 20:14:47,088 - Orchestrator: Starting the Windpower Task (40s limit).
2026-04-01 20:14:47,088 - PollingAgent: Started listening on getResult loop.
2026-04-01 20:14:47,088 - ActionAgent: Sending -> start
2026-04-01 20:14:47,165 - ActionAgent: Sync Response -> {
    "code": 60,
    "message": "Windpower session started.",
    "sessionStart": "2026-04-01 20:14:45",
    "sessionTimeout": 40
}
2026-04-01 20:14:47,165 - ActionAgent: Got sync response: {'code': 60, 'message': 'Windpower session started.', 'sessionStart': '2026-04-01 20:14:45', 'sessionTimeout': 40}
2026-04-01 20:14:47,675 - Orchestrator: Firing data requests (weather, turbinecheck, powerplantcheck).
2026-04-01 20:14:47,675 - ActionAgent: Sending -> get
2026-04-01 20:14:47,676 - ActionAgent: Sending -> get
2026-04-01 20:14:47,676 - ActionAgent: Sending -> get
2026-04-01 20:14:47,702 - PollingAgent: Received Raw JSON -> {"code": 11, "message": "No completed queued response is available yet."}
2026-04-01 20:14:47,726 - ActionAgent: Sync Response -> {
    "code": 41,
    "message": "Task has been queued. Use getResult to retrieve the response."
}
2026-04-01 20:14:47,734 - ActionAgent: Sync Response -> {
    "code": 31,
    "message": "Task has been queued. Use getResult to retrieve the response."
}
2026-04-01 20:14:47,735 - ActionAgent: Sync Response -> {
    "code": 21,
    "message": "Task has been queued. Use getResult to retrieve the response."
}
2026-04-01 20:14:48,245 - PollingAgent: Received Raw JSON -> {"code": 11, "message": "No completed queued response is available yet."}
2026-04-01 20:14:48,780 - PollingAgent: Received Raw JSON -> {"code": 11, "message": "No completed queued response is available yet."}
2026-04-01 20:14:49,327 - PollingAgent: Received Raw JSON -> {"code": 11, "message": "No completed queued response is available yet."}
2026-04-01 20:14:49,872 - PollingAgent: Received Raw JSON -> {"code": 11, "message": "No completed queued response is available yet."}
2026-04-01 20:14:50,409 - PollingAgent: Received Raw JSON -> {"code": 11, "message": "No completed queued response is available yet."}
2026-04-01 20:14:50,949 - PollingAgent: Received Raw JSON -> {"code": 11, "message": "No completed queued response is available yet."}
2026-04-01 20:14:51,488 - PollingAgent: Received Raw JSON -> {"code": 11, "message": "No completed queued response is available yet."}
2026-04-01 20:14:52,026 - PollingAgent: Received Raw JSON -> {"code": 11, "message": "No completed queued response is available yet."}
2026-04-01 20:14:52,565 - PollingAgent: Received Raw JSON -> {"code": 11, "message": "No completed queued response is available yet."}
2026-04-01 20:14:53,114 - PollingAgent: Received Raw JSON -> {"code": 11, "message": "No completed queued response is available yet."}
2026-04-01 20:14:53,651 - PollingAgent: Received Raw JSON -> {"code": 11, "message": "No completed queued response is available yet."}
2026-04-01 20:14:54,187 - PollingAgent: Received Raw JSON -> {"code": 11, "message": "No completed queued response is available yet."}
2026-04-01 20:14:54,723 - PollingAgent: Received Raw JSON -> {"code": 11, "message": "No completed queued response is available yet."}
2026-04-01 20:14:55,259 - PollingAgent: Received Raw JSON -> {"code": 11, "message": "No completed queued response is available yet."}
2026-04-01 20:14:55,796 - PollingAgent: Received Raw JSON -> {"code": 11, "message": "No completed queued response is available yet."}
2026-04-01 20:14:56,335 - PollingAgent: Received Raw JSON -> {"code": 11, "message": "No completed queued response is available yet."}
2026-04-01 20:14:56,876 - PollingAgent: Received Raw JSON -> {"code": 12, "message": "insufficient energy to start management systems", "sourceFunction": "powerplantcheck", "mode": "StandBy", "cooling": "within norm", "firmware": "operational", "powerDeficitKw": "4-5", "producedPowerKw": 0}
2026-04-01 20:14:56,876 - PollingAgent: Caught Power Deficit Data.
2026-04-01 20:14:57,412 - PollingAgent: Received Raw JSON -> {"code": 11, "message": "No completed queued response is available yet."}
2026-04-01 20:14:57,946 - PollingAgent: Received Raw JSON -> {"code": 11, "message": "No completed queued response is available yet."}
2026-04-01 20:14:58,486 - PollingAgent: Received Raw JSON -> {"code": 11, "message": "No completed queued response is available yet."}
2026-04-01 20:14:59,026 - PollingAgent: Received Raw JSON -> {"code": 11, "message": "No completed queued response is available yet."}
2026-04-01 20:14:59,568 - PollingAgent: Received Raw JSON -> {"code": 11, "message": "No completed queued response is available yet."}
2026-04-01 20:15:00,105 - PollingAgent: Received Raw JSON -> {"code": 12, "message": "Low battery level detected in turbine backup power system.", "sourceFunction": "turbinecheck", "status": "Turbine is operating correctly.", "bladePitchAngleDeg": 0, "battery": "low"}
2026-04-01 20:15:00,105 - PollingAgent: Caught Turbine State Data.
2026-04-01 20:15:00,642 - PollingAgent: Received Raw JSON -> {"code": 11, "message": "No completed queued response is available yet."}
2026-04-01 20:15:01,208 - PollingAgent: Received Raw JSON -> {"code": 11, "message": "No completed queued response is available yet."}
2026-04-01 20:15:01,751 - PollingAgent: Received Raw JSON -> {"code": 11, "message": "No completed queued response is available yet."}
2026-04-01 20:15:02,291 - PollingAgent: Received Raw JSON -> {"code": 11, "message": "No completed queued response is available yet."}
2026-04-01 20:15:02,854 - PollingAgent: Received Raw JSON -> {"code": 11, "message": "No completed queued response is available yet."}
2026-04-01 20:15:03,399 - PollingAgent: Received Raw JSON -> {"code": 11, "message": "No completed queued response is available yet."}
2026-04-01 20:15:03,937 - PollingAgent: Received Raw JSON -> {"code": 11, "message": "No completed queued response is available yet."}
2026-04-01 20:15:04,478 - PollingAgent: Received Raw JSON -> {"code": 11, "message": "No completed queued response is available yet."}
2026-04-01 20:15:05,012 - PollingAgent: Received Raw JSON -> {"code": 11, "message": "No completed queued response is available yet."}
2026-04-01 20:15:05,548 - PollingAgent: Received Raw JSON -> {"code": 11, "message": "No completed queued response is available yet."}
2026-04-01 20:15:06,087 - PollingAgent: Received Raw JSON -> {"code": 11, "message": "No completed queued response is available yet."}
2026-04-01 20:15:06,627 - PollingAgent: Received Raw JSON -> {"code": 11, "message": "No completed queued response is available yet."}
2026-04-01 20:15:07,165 - PollingAgent: Received Raw JSON -> {"code": 11, "message": "No completed queued response is available yet."}
2026-04-01 20:15:07,706 - PollingAgent: Received Raw JSON -> {"code": 11, "message": "No completed queued response is available yet."}
2026-04-01 20:15:08,249 - PollingAgent: Received Raw JSON -> {"code": 11, "message": "No completed queued response is available yet."}
2026-04-01 20:15:08,787 - PollingAgent: Received Raw JSON -> {"code": 11, "message": "No completed queued response is available yet."}
2026-04-01 20:15:09,367 - PollingAgent: Received Raw JSON -> {"code": 11, "message": "No completed queued response is available yet."}
2026-04-01 20:15:09,931 - PollingAgent: Received Raw JSON -> {"code": 11, "message": "No completed queued response is available yet."}
2026-04-01 20:15:10,474 - PollingAgent: Received Raw JSON -> {"code": 11, "message": "No completed queued response is available yet."}
2026-04-01 20:15:11,035 - PollingAgent: Received Raw JSON -> {"code": 11, "message": "No completed queued response is available yet."}
2026-04-01 20:15:11,580 - PollingAgent: Received Raw JSON -> {"code": 11, "message": "No completed queued response is available yet."}
2026-04-01 20:15:12,120 - PollingAgent: Received Raw JSON -> {"code": 12, "message": "Queued response retrieved.", "sourceFunction": "weather", "intervalHours": 2, "forecastDays": 7, "unit": {"windMs": "m/s", "precipitationMm": "mm", "temperatureC": "C"}, "forecast": [{"timestamp": "2026-04-01 00:00:00", "windMs": 3.7, "precipitationMm": 0, "temperatureC": 27.7}, {"timestamp": "2026-04-01 02:00:00", "windMs": 3.5, "precipitationMm": 0, "temperatureC": 28}, {"timestamp": "2026-04-01 04:00:00", "windMs": 3.1, "precipitationMm": 0, "temperatureC": 27.6}, {"timestamp": "2026-04-01 06:00:00", "windMs": 2.7, "precipitationMm": 0, "temperatureC": 28.8}, {"timestamp": "2026-04-01 08:00:00", "windMs": 2.7, "precipitationMm": 0, "temperatureC": 29.4}, {"timestamp": "2026-04-01 10:00:00", "windMs": 2.5, "precipitationMm": 0, "temperatureC": 29.3}, {"timestamp": "2026-04-01 12:00:00", "windMs": 2.3, "precipitationMm": 0, "temperatureC": 30.2}, {"timestamp": "2026-04-01 14:00:00", "windMs": 2.2, "precipitationMm": 0, "temperatureC": 29.5}, {"timestamp": "2026-04-01 16:00:00", "windMs": 3, "precipitationMm": 0, "temperatureC": 29.9}, {"timestamp": "2026-04-01 18:00:00", "windMs": 3.3, "precipitationMm": 0, "temperatureC": 28.8}, {"timestamp": "2026-04-01 20:00:00", "windMs": 2.5, "precipitationMm": 0, "temperatureC": 28.6}, {"timestamp": "2026-04-01 22:00:00", "windMs": 2.5, "precipitationMm": 0, "temperatureC": 27.7}, {"timestamp": "2026-04-02 00:00:00", "windMs": 3, "precipitationMm": 0, "temperatureC": 27.5}, {"timestamp": "2026-04-02 02:00:00", "windMs": 2.4, "precipitationMm": 0, "temperatureC": 26.3}, {"timestamp": "2026-04-02 04:00:00", "windMs": 2.3, "precipitationMm": 0, "temperatureC": 25.7}, {"timestamp": "2026-04-02 06:00:00", "windMs": 2.4, "precipitationMm": 0, "temperatureC": 26.1}, {"timestamp": "2026-04-02 08:00:00", "windMs": 2.9, "precipitationMm": 0, "temperatureC": 26.1}, {"timestamp": "2026-04-02 10:00:00", "windMs": 3.6, "precipitationMm": 0, "temperatureC": 27.3}, {"timestamp": "2026-04-02 12:00:00", "windMs": 3.9, "precipitationMm": 0, "temperatureC": 28.9}, {"timestamp": "2026-04-02 14:00:00", "windMs": 3.9, "precipitationMm": 0, "temperatureC": 28.9}, {"timestamp": "2026-04-02 16:00:00", "windMs": 3.9, "precipitationMm": 0, "temperatureC": 29}, {"timestamp": "2026-04-02 18:00:00", "windMs": 25, "precipitationMm": 0, "temperatureC": 29.7}, {"timestamp": "2026-04-02 20:00:00", "windMs": 6.6, "precipitationMm": 0, "temperatureC": 28.5}, {"timestamp": "2026-04-02 22:00:00", "windMs": 3.9, "precipitationMm": 0, "temperatureC": 28.9}, {"timestamp": "2026-04-03 00:00:00", "windMs": 3.7, "precipitationMm": 0, "temperatureC": 28.8}, {"timestamp": "2026-04-03 02:00:00", "windMs": 3.1, "precipitationMm": 0, "temperatureC": 28}, {"timestamp": "2026-04-03 04:00:00", "windMs": 3, "precipitationMm": 0.2, "temperatureC": 26.7}, {"timestamp": "2026-04-03 06:00:00", "windMs": 2.7, "precipitationMm": 0.2, "temperatureC": 26.1}, {"timestamp": "2026-04-03 08:00:00", "windMs": 2.2, "precipitationMm": 0, "temperatureC": 26.1}, {"timestamp": "2026-04-03 10:00:00", "windMs": 2.8, "precipitationMm": 0, "temperatureC": 28.4}, {"timestamp": "2026-04-03 12:00:00", "windMs": 3.2, "precipitationMm": 0, "temperatureC": 30.1}, {"timestamp": "2026-04-03 14:00:00", "windMs": 3.6, "precipitationMm": 0, "temperatureC": 29.4}, {"timestamp": "2026-04-03 16:00:00", "windMs": 3.9, "precipitationMm": 0, "temperatureC": 30.2}, {"timestamp": "2026-04-03 18:00:00", "windMs": 3.4, "precipitationMm": 0, "temperatureC": 31}, {"timestamp": "2026-04-03 20:00:00", "windMs": 2.7, "precipitationMm": 0, "temperatureC": 29.7}, {"timestamp": "2026-04-03 22:00:00", "windMs": 2.6, "precipitationMm": 0, "temperatureC": 29.9}, {"timestamp": "2026-04-04 00:00:00", "windMs": 2, "precipitationMm": 0, "temperatureC": 28.6}, {"timestamp": "2026-04-04 02:00:00", "windMs": 2, "precipitationMm": 0, "temperatureC": 28}, {"timestamp": "2026-04-04 04:00:00", "windMs": 2.3, "precipitationMm": 0, "temperatureC": 27.2}, {"timestamp": "2026-04-04 06:00:00", "windMs": 2.5, "precipitationMm": 0, "temperatureC": 27.7}, {"timestamp": "2026-04-04 08:00:00", "windMs": 2.4, "precipitationMm": 0, "temperatureC": 28.3}, {"timestamp": "2026-04-04 10:00:00", "windMs": 2.3, "precipitationMm": 0, "temperatureC": 28.8}, {"timestamp": "2026-04-04 12:00:00", "windMs": 2.3, "precipitationMm": 0, "temperatureC": 29.7}, {"timestamp": "2026-04-04 14:00:00", "windMs": 2.9, "precipitationMm": 0, "temperatureC": 29.5}, {"timestamp": "2026-04-04 16:00:00", "windMs": 3.6, "precipitationMm": 0, "temperatureC": 29.3}, {"timestamp": "2026-04-04 18:00:00", "windMs": 2.7, "precipitationMm": 0, "temperatureC": 28.3}, {"timestamp": "2026-04-04 20:00:00", "windMs": 6.6, "precipitationMm": 0, "temperatureC": 27.9}, {"timestamp": "2026-04-04 22:00:00", "windMs": 3.9, "precipitationMm": 0, "temperatureC": 27.8}, {"timestamp": "2026-04-05 00:00:00", "windMs": 3.2, "precipitationMm": 0, "temperatureC": 26.3}, {"timestamp": "2026-04-05 02:00:00", "windMs": 3.7, "precipitationMm": 0, "temperatureC": 27}, {"timestamp": "2026-04-05 04:00:00", "windMs": 2.8, "precipitationMm": 0, "temperatureC": 26.2}, {"timestamp": "2026-04-05 06:00:00", "windMs": 2.2, "precipitationMm": 0, "temperatureC": 26.3}, {"timestamp": "2026-04-05 08:00:00", "windMs": 2.7, "precipitationMm": 0, "temperatureC": 26.5}, {"timestamp": "2026-04-05 10:00:00", "windMs": 3.6, "precipitationMm": 0, "temperatureC": 29}, {"timestamp": "2026-04-05 12:00:00", "windMs": 3.4, "precipitationMm": 0, "temperatureC": 29.9}, {"timestamp": "2026-04-05 14:00:00", "windMs": 3.4, "precipitationMm": 0, "temperatureC": 30.5}, {"timestamp": "2026-04-05 16:00:00", "windMs": 3.5, "precipitationMm": 0, "temperatureC": 30.6}, {"timestamp": "2026-04-05 18:00:00", "windMs": 22, "precipitationMm": 0, "temperatureC": 30.7}, {"timestamp": "2026-04-05 20:00:00", "windMs": 3.9, "precipitationMm": 0, "temperatureC": 29.3}, {"timestamp": "2026-04-05 22:00:00", "windMs": 3.9, "precipitationMm": 0, "temperatureC": 27.9}, {"timestamp": "2026-04-06 00:00:00", "windMs": 3.7, "precipitationMm": 0, "temperatureC": 27.1}, {"timestamp": "2026-04-06 02:00:00", "windMs": 2.9, "precipitationMm": 0, "temperatureC": 25.8}, {"timestamp": "2026-04-06 04:00:00", "windMs": 2.9, "precipitationMm": 0, "temperatureC": 26.8}, {"timestamp": "2026-04-06 06:00:00", "windMs": 3, "precipitationMm": 0, "temperatureC": 27.3}, {"timestamp": "2026-04-06 08:00:00", "windMs": 2.7, "precipitationMm": 0, "temperatureC": 27.9}, {"timestamp": "2026-04-06 10:00:00", "windMs": 2.8, "precipitationMm": 0, "temperatureC": 29.3}, {"timestamp": "2026-04-06 12:00:00", "windMs": 2, "precipitationMm": 0, "temperatureC": 30.6}, {"timestamp": "2026-04-06 14:00:00", "windMs": 2.8, "precipitationMm": 0, "temperatureC": 31.7}, {"timestamp": "2026-04-06 16:00:00", "windMs": 3.4, "precipitationMm": 0, "temperatureC": 31.3}, {"timestamp": "2026-04-06 18:00:00", "windMs": 28, "precipitationMm": 0.2, "temperatureC": 31.1}, {"timestamp": "2026-04-06 20:00:00", "windMs": 3.9, "precipitationMm": 0, "temperatureC": 31.2}, {"timestamp": "2026-04-06 22:00:00", "windMs": 3.9, "precipitationMm": 0, "temperatureC": 29.4}, {"timestamp": "2026-04-07 00:00:00", "windMs": 2.6, "precipitationMm": 0, "temperatureC": 28.4}, {"timestamp": "2026-04-07 02:00:00", "windMs": 2.5, "precipitationMm": 0, "temperatureC": 28.1}, {"timestamp": "2026-04-07 04:00:00", "windMs": 2.4, "precipitationMm": 0, "temperatureC": 28.6}, {"timestamp": "2026-04-07 06:00:00", "windMs": 3.2, "precipitationMm": 0, "temperatureC": 28.3}, {"timestamp": "2026-04-07 08:00:00", "windMs": 3.2, "precipitationMm": 0, "temperatureC": 28.2}, {"timestamp": "2026-04-07 10:00:00", "windMs": 3.4, "precipitationMm": 0, "temperatureC": 29.2}, {"timestamp": "2026-04-07 12:00:00", "windMs": 3.5, "precipitationMm": 0, "temperatureC": 28.7}, {"timestamp": "2026-04-07 14:00:00", "windMs": 3.5, "precipitationMm": 0, "temperatureC": 29.9}, {"timestamp": "2026-04-07 16:00:00", "windMs": 2.9, "precipitationMm": 0, "temperatureC": 29.4}, {"timestamp": "2026-04-07 18:00:00", "windMs": 2.6, "precipitationMm": 0, "temperatureC": 28.5}, {"timestamp": "2026-04-07 20:00:00", "windMs": 2, "precipitationMm": 0, "temperatureC": 28.1}, {"timestamp": "2026-04-07 22:00:00", "windMs": 2.4, "precipitationMm": 0.4, "temperatureC": 27.8}]}
2026-04-01 20:15:12,121 - PollingAgent: Caught Weather Data.
2026-04-01 20:15:12,121 - PollingAgent: All necessary data gathered (Weather, State, Deficit). Signaling Orchestrator.
2026-04-01 20:15:12,121 - Orchestrator: All raw data gathered. Triggering Intelligence Agent.
2026-04-01 20:15:12,126 - IntelligenceAgent: Chosen production window at 2026-04-02 20:00:00 with pitch 45, wind 6.6, est. power 4.00kW (Target: 4-5kW)
2026-04-01 20:15:12,127 - IntelligenceAgent: Successfully drafted schedule with 7 steps.
2026-04-01 20:15:12,127 - CryptographyAgent: Requesting unlock codes for 7 timestamps.
2026-04-01 20:15:12,127 - ActionAgent: Sending -> unlockCodeGenerator
2026-04-01 20:15:12,176 - ActionAgent: Sync Response -> {
    "code": 14,
    "message": "Task has been queued. Use getResult to retrieve the response."
}
2026-04-01 20:15:12,176 - ActionAgent: Sending -> unlockCodeGenerator
2026-04-01 20:15:12,249 - ActionAgent: Sync Response -> {
    "code": 14,
    "message": "Task has been queued. Use getResult to retrieve the response."
}
2026-04-01 20:15:12,250 - ActionAgent: Sending -> unlockCodeGenerator
2026-04-01 20:15:12,306 - ActionAgent: Sync Response -> {
    "code": 14,
    "message": "Task has been queued. Use getResult to retrieve the response."
}
2026-04-01 20:15:12,307 - ActionAgent: Sending -> unlockCodeGenerator
2026-04-01 20:15:12,357 - ActionAgent: Sync Response -> {
    "code": 14,
    "message": "Task has been queued. Use getResult to retrieve the response."
}
2026-04-01 20:15:12,357 - ActionAgent: Sending -> unlockCodeGenerator
2026-04-01 20:15:12,405 - ActionAgent: Sync Response -> {
    "code": 14,
    "message": "Task has been queued. Use getResult to retrieve the response."
}
2026-04-01 20:15:12,406 - ActionAgent: Sending -> unlockCodeGenerator
2026-04-01 20:15:12,462 - ActionAgent: Sync Response -> {
    "code": 14,
    "message": "Task has been queued. Use getResult to retrieve the response."
}
2026-04-01 20:15:12,462 - ActionAgent: Sending -> unlockCodeGenerator
2026-04-01 20:15:12,516 - ActionAgent: Sync Response -> {
    "code": 14,
    "message": "Task has been queued. Use getResult to retrieve the response."
}
2026-04-01 20:15:12,517 - CryptographyAgent: All unlock code requests fired.
2026-04-01 20:15:12,653 - PollingAgent: Received Raw JSON -> {"code": 11, "message": "No completed queued response is available yet."}
2026-04-01 20:15:13,195 - PollingAgent: Received Raw JSON -> {"code": 11, "message": "No completed queued response is available yet."}
2026-04-01 20:15:13,730 - PollingAgent: Received Raw JSON -> {"code": 11, "message": "No completed queued response is available yet."}
2026-04-01 20:15:14,270 - PollingAgent: Received Raw JSON -> {"code": 12, "message": "Queued response retrieved.", "sourceFunction": "unlockCodeGenerator", "unlockCode": "988afb792eb75298ae29c7c99932bc5c", "signedParams": {"startDate": "2026-04-02", "startHour": "18:00:00", "windMs": "25.0", "pitchAngle": "90.0"}}
2026-04-01 20:15:14,270 - PollingAgent: Caught Unlock Code.
2026-04-01 20:15:14,804 - PollingAgent: Received Raw JSON -> {"code": 12, "message": "Queued response retrieved.", "sourceFunction": "unlockCodeGenerator", "unlockCode": "fa1b276cf5ef133c591a1ac826a76e02", "signedParams": {"startDate": "2026-04-02", "startHour": "19:00:00", "windMs": "25.0", "pitchAngle": "90.0"}}
2026-04-01 20:15:14,804 - PollingAgent: Caught Unlock Code.
2026-04-01 20:15:15,346 - PollingAgent: Received Raw JSON -> {"code": 12, "message": "Queued response retrieved.", "sourceFunction": "unlockCodeGenerator", "unlockCode": "f8eae7a1f430803e115c135ea53ac975", "signedParams": {"startDate": "2026-04-05", "startHour": "18:00:00", "windMs": "22.0", "pitchAngle": "90.0"}}
2026-04-01 20:15:15,346 - PollingAgent: Caught Unlock Code.
2026-04-01 20:15:15,883 - PollingAgent: Received Raw JSON -> {"code": 12, "message": "Queued response retrieved.", "sourceFunction": "unlockCodeGenerator", "unlockCode": "53bd656532ec8457ea6941a0807beb31", "signedParams": {"startDate": "2026-04-05", "startHour": "19:00:00", "windMs": "22.0", "pitchAngle": "90.0"}}
2026-04-01 20:15:15,883 - PollingAgent: Caught Unlock Code.
2026-04-01 20:15:16,424 - PollingAgent: Received Raw JSON -> {"code": 12, "message": "Queued response retrieved.", "sourceFunction": "unlockCodeGenerator", "unlockCode": "978fdd57c78f7a97d6cee2e05f2c33ac", "signedParams": {"startDate": "2026-04-06", "startHour": "18:00:00", "windMs": "28.0", "pitchAngle": "90.0"}}
2026-04-01 20:15:16,424 - PollingAgent: Caught Unlock Code.
2026-04-01 20:15:16,985 - PollingAgent: Received Raw JSON -> {"code": 12, "message": "Queued response retrieved.", "sourceFunction": "unlockCodeGenerator", "unlockCode": "5970431d30d1a85d0bc2ce8b809a7d81", "signedParams": {"startDate": "2026-04-06", "startHour": "19:00:00", "windMs": "28.0", "pitchAngle": "90.0"}}
2026-04-01 20:15:16,985 - PollingAgent: Caught Unlock Code.
2026-04-01 20:15:17,528 - PollingAgent: Received Raw JSON -> {"code": 12, "message": "Queued response retrieved.", "sourceFunction": "unlockCodeGenerator", "unlockCode": "a751481d9e9179f2dd60791ffccbd7b7", "signedParams": {"startDate": "2026-04-02", "startHour": "20:00:00", "windMs": "6.6", "pitchAngle": "45.0"}}
2026-04-01 20:15:17,528 - PollingAgent: Caught Unlock Code.
2026-04-01 20:15:17,529 - Orchestrator: All unlock codes gathered.
2026-04-01 20:15:17,529 - CryptographyAgent: Successfully signed 7 configurations.
2026-04-01 20:15:17,529 - Orchestrator: Sending configs -> {'2026-04-02 18:00:00': {'pitchAngle': 90, 'turbineMode': 'idle', 'unlockCode': '988afb792eb75298ae29c7c99932bc5c'}, '2026-04-02 19:00:00': {'pitchAngle': 90, 'turbineMode': 'idle', 'unlockCode': 'fa1b276cf5ef133c591a1ac826a76e02'}, '2026-04-05 18:00:00': {'pitchAngle': 90, 'turbineMode': 'idle', 'unlockCode': 'f8eae7a1f430803e115c135ea53ac975'}, '2026-04-05 19:00:00': {'pitchAngle': 90, 'turbineMode': 'idle', 'unlockCode': '53bd656532ec8457ea6941a0807beb31'}, '2026-04-06 18:00:00': {'pitchAngle': 90, 'turbineMode': 'idle', 'unlockCode': '978fdd57c78f7a97d6cee2e05f2c33ac'}, '2026-04-06 19:00:00': {'pitchAngle': 90, 'turbineMode': 'idle', 'unlockCode': '5970431d30d1a85d0bc2ce8b809a7d81'}, '2026-04-02 20:00:00': {'pitchAngle': 45, 'turbineMode': 'production', 'unlockCode': 'a751481d9e9179f2dd60791ffccbd7b7'}}
2026-04-01 20:15:17,529 - ActionAgent: Sending -> config
2026-04-01 20:15:17,615 - ActionAgent: Sync Response -> {
    "code": 10,
    "message": "Config point accepted and stored.",
    "storedPoints": 7
}
2026-04-01 20:15:17,616 - ActionAgent: Got sync response: {'code': 10, 'message': 'Config point accepted and stored.', 'storedPoints': 7}
2026-04-01 20:15:18,063 - PollingAgent: Received Raw JSON -> {"code": 11, "message": "No completed queued response is available yet."}
2026-04-01 20:15:18,125 - ActionAgent: Sending -> get
2026-04-01 20:15:18,177 - ActionAgent: Sync Response -> {
    "code": 31,
    "message": "Task has been queued. Use getResult to retrieve the response."
}
2026-04-01 20:15:18,599 - PollingAgent: Received Raw JSON -> {"code": 11, "message": "No completed queued response is available yet."}
2026-04-01 20:15:19,138 - PollingAgent: Received Raw JSON -> {"code": 11, "message": "No completed queued response is available yet."}
2026-04-01 20:15:19,705 - PollingAgent: Received Raw JSON -> {"code": 11, "message": "No completed queued response is available yet."}
2026-04-01 20:15:20,239 - PollingAgent: Received Raw JSON -> {"code": 11, "message": "No completed queued response is available yet."}
2026-04-01 20:15:20,774 - PollingAgent: Received Raw JSON -> {"code": 11, "message": "No completed queued response is available yet."}
2026-04-01 20:15:21,312 - PollingAgent: Received Raw JSON -> {"code": 11, "message": "No completed queued response is available yet."}
2026-04-01 20:15:21,850 - PollingAgent: Received Raw JSON -> {"code": 11, "message": "No completed queued response is available yet."}
2026-04-01 20:15:22,389 - PollingAgent: Received Raw JSON -> {"code": 11, "message": "No completed queued response is available yet."}
2026-04-01 20:15:22,928 - PollingAgent: Received Raw JSON -> {"code": 11, "message": "No completed queued response is available yet."}
2026-04-01 20:15:23,182 - Orchestrator: Turbinecheck didn't return OK explicitly, proceeding anyway.
2026-04-01 20:15:23,182 - ActionAgent: Sending -> done
2026-04-01 20:15:23,237 - ActionAgent: Error queuing done: 400 - {
    "code": -860,
    "message": "Invalid configuration set. Exactly 4 config points are required."
}
2026-04-01 20:15:23,507 - PollingAgent: Received Raw JSON -> {"code": 11, "message": "No completed queued response is available yet."}
2026-04-01 20:15:24,057 - PollingAgent: Received Raw JSON -> {"code": 11, "message": "No completed queued response is available yet."}
2026-04-01 20:15:24,617 - PollingAgent: Received Raw JSON -> {"code": 11, "message": "No completed queued response is available yet."}
2026-04-01 20:15:25,159 - PollingAgent: Received Raw JSON -> {"code": 11, "message": "No completed queued response is available yet."}
2026-04-01 20:15:25,695 - PollingAgent: Received Raw JSON -> {"code": 11, "message": "No completed queued response is available yet."}
2026-04-01 20:15:26,237 - PollingAgent: Received Raw JSON -> {"code": 11, "message": "No completed queued response is available yet."}
2026-04-01 20:15:26,772 - PollingAgent: Received Raw JSON -> {"code": 11, "message": "No completed queued response is available yet."}
2026-04-01 20:15:33,245 - Orchestrator: Timed out waiting for final flag.
2026-04-01 20:15:33,245 - PollingAgent: Stopped.
