2026-04-01 20:41:46,090 - Starting new session to find palindrome code...
2026-04-01 20:41:46,153 - Fetching weather forecast...
2026-04-01 20:41:47,229 - Weather poll 1/35: Got No completed queued response is available yet.
2026-04-01 20:41:48,265 - Weather poll 2/35: Got No completed queued response is available yet.
2026-04-01 20:41:49,311 - Weather poll 3/35: Got No completed queued response is available yet.
2026-04-01 20:41:50,359 - Weather poll 4/35: Got No completed queued response is available yet.
2026-04-01 20:41:51,394 - Weather poll 5/35: Got No completed queued response is available yet.
2026-04-01 20:41:52,441 - Weather poll 6/35: Got No completed queued response is available yet.
2026-04-01 20:41:53,480 - Weather poll 7/35: Got No completed queued response is available yet.
2026-04-01 20:41:54,520 - Weather poll 8/35: Got No completed queued response is available yet.
2026-04-01 20:41:55,554 - Weather poll 9/35: Got No completed queued response is available yet.
2026-04-01 20:41:56,600 - Weather poll 10/35: Got No completed queued response is available yet.
2026-04-01 20:41:57,633 - Weather poll 11/35: Got No completed queued response is available yet.
2026-04-01 20:41:58,668 - Weather poll 12/35: Got No completed queued response is available yet.
2026-04-01 20:41:59,711 - Weather poll 13/35: Got No completed queued response is available yet.
2026-04-01 20:42:00,746 - Weather poll 14/35: Got No completed queued response is available yet.
2026-04-01 20:42:01,778 - Weather poll 15/35: Got No completed queued response is available yet.
2026-04-01 20:42:02,826 - Weather poll 16/35: Got No completed queued response is available yet.
2026-04-01 20:42:03,861 - Weather poll 17/35: Got No completed queued response is available yet.
2026-04-01 20:42:04,904 - Weather poll 18/35: Got No completed queued response is available yet.
2026-04-01 20:42:05,937 - Weather poll 19/35: Got No completed queued response is available yet.
2026-04-01 20:42:06,971 - Weather poll 20/35: Got No completed queued response is available yet.
2026-04-01 20:42:08,004 - Weather poll 21/35: Got No completed queued response is available yet.
2026-04-01 20:42:09,035 - Weather poll 22/35: Got No completed queued response is available yet.
2026-04-01 20:42:10,087 - Weather poll 23/35: Got weather
2026-04-01 20:42:10,087 - Weather data received. Forecast has 84 points.
2026-04-01 20:42:10,088 - Generated 252 combinations. Firing all unlockCodeGenerator requests...
2026-04-01 20:42:15,940 - All unlockCodeGenerator requests have been queued.
2026-04-01 20:42:15,940 - Polling for 252 results...
2026-04-01 20:42:16,378 - Received code 1/252: a7b61e62f85c89a265ad33b6bf6a77ce
2026-04-01 20:42:16,821 - Received code 2/252: 54435cea8bdccf7538e1954a966f5a96
2026-04-01 20:42:17,265 - Received code 3/252: 5094b75903669dcd89eca6a200a14bce
2026-04-01 20:42:17,711 - Received code 4/252: e849cccc358fea11974022e4d8953fbd
2026-04-01 20:42:18,154 - Received code 5/252: e6e5a3d8f54623137a667e6575020283
2026-04-01 20:42:18,601 - Received code 6/252: eb1aaed26dbd8f4f0e94216e7b07a24a
2026-04-01 20:42:19,039 - Received code 7/252: 083f4529b0f4faf4e70bff1f7d11366f
2026-04-01 20:42:19,483 - Received code 8/252: 6048e71ef7ce89030f8f42a6b5624147
2026-04-01 20:42:19,927 - Received code 9/252: a033a3d9df6b31647e18990069121c01
2026-04-01 20:42:20,376 - Received code 10/252: 1d71bf0602d97f0bf5d58d540763c96e
2026-04-01 20:42:20,816 - Received code 11/252: 92e7c1bbfadbb2f5aeba62d4307a2a4d
2026-04-01 20:42:21,263 - Received code 12/252: 37349041c850660fb429941df90c2396
2026-04-01 20:42:21,707 - Received code 13/252: 9eba69a23c1e2f8759f4dddf44803656
2026-04-01 20:42:22,153 - Received code 14/252: f38f7d774f68159ed92475bfb36b5fc8
2026-04-01 20:42:22,601 - Received code 15/252: 6d5b6ec53407599f8e2123a3fe35fcc2
2026-04-01 20:42:23,069 - Received code 16/252: d5b66893e79d43bea318bed62a8ad628
2026-04-01 20:42:23,505 - Received code 17/252: b71c00707e03d6fed468f7f518d0743f
2026-04-01 20:42:23,952 - Received code 18/252: 8a18c81c05d32797c52733cf5bf788ec
2026-04-01 20:42:24,394 - Received code 19/252: 1a53381d6af3eadff232593aebd29692
2026-04-01 20:42:24,835 - Received code 20/252: d7d8f12becc72db99bbfe019d6cc7a87
2026-04-01 20:42:25,278 - Received code 21/252: 519a042a6373a8f0c5c02f40f9e31edf
2026-04-01 20:42:25,724 - Received code 22/252: c8d29bc8a933df37015459232e4e83fb
2026-04-01 20:44:17,253 - Polling loop finished, but not all responses may have been received.
2026-04-01 20:44:17,253 - Brute-force search completed, but no palindrome code was found.
