2026-04-01 21:01:15,951 - --- Attempt 1/5 ---
2026-04-01 21:01:16,155 - Attempt 1 Response: {
    "code": -830,
    "message": "Unfortunately, the turbine was broken by strong wind gusts before it even started producing electricity."
}
2026-04-01 21:01:18,165 - --- Attempt 2/5 ---
2026-04-01 21:01:18,290 - Attempt 2 Response: {
    "code": -830,
    "message": "Unfortunately, the turbine was broken by strong wind gusts before it even started producing electricity."
}
2026-04-01 21:01:20,306 - --- Attempt 3/5 ---
2026-04-01 21:01:20,505 - Attempt 3 Response: {
    "code": -830,
    "message": "Unfortunately, the turbine was broken by strong wind gusts before it even started producing electricity."
}
2026-04-01 21:01:22,507 - --- Attempt 4/5 ---
2026-04-01 21:01:22,676 - Attempt 4 Response: {
    "code": -830,
    "message": "Unfortunately, the turbine was broken by strong wind gusts before it even started producing electricity."
}
2026-04-01 21:01:24,682 - --- Attempt 5/5 ---
2026-04-01 21:01:24,863 - Attempt 5 Response: {
    "code": -830,
    "message": "Unfortunately, the turbine was broken by strong wind gusts before it even started producing electricity."
}
