2026-03-27 22:31:44,310 - App - INFO - 
====================================
Starting Orchestrator for task Z0304
====================================
2026-03-27 22:31:44,310 - App - INFO - Starting verification loop. Make sure `server.py` is running on your remote host first!
2026-03-27 22:31:44,311 - App - INFO - Orchestrator finished. If you didn't get a flag, ensure the server is responding at the provided URL.
2026-03-27 22:32:23,724 - App - INFO - Loading initial data...
2026-03-27 22:32:24,207 - App - INFO - [SUCCESS] Successfully loaded cities.csv
2026-03-27 22:32:24,682 - App - INFO - [SUCCESS] Successfully loaded items.csv
2026-03-27 22:32:25,812 - App - INFO - Loading initial data...
2026-03-27 22:32:26,360 - App - INFO - [SUCCESS] Successfully loaded cities.csv
2026-03-27 22:32:26,823 - App - INFO - [SUCCESS] Successfully loaded items.csv
2026-03-27 22:33:52,878 - App - INFO - Loading initial data...
2026-03-27 22:33:53,520 - App - INFO - [SUCCESS] Successfully loaded cities.csv
2026-03-27 22:33:54,223 - App - INFO - [SUCCESS] Successfully loaded items.csv
2026-03-27 22:33:55,376 - App - INFO - Loading initial data...
2026-03-27 22:33:55,831 - App - INFO - [SUCCESS] Successfully loaded cities.csv
2026-03-27 22:33:56,289 - App - INFO - [SUCCESS] Successfully loaded items.csv
2026-03-27 22:35:50,224 - App - INFO - Loading initial data...
2026-03-27 22:35:50,735 - App - INFO - [SUCCESS] Successfully loaded cities.csv
2026-03-27 22:35:51,363 - App - INFO - [SUCCESS] Successfully loaded items.csv
2026-03-27 22:36:08,188 - App - INFO - Loading initial data...
2026-03-27 22:36:08,809 - App - INFO - [SUCCESS] Successfully loaded cities.csv
2026-03-27 22:36:09,288 - App - INFO - [SUCCESS] Successfully loaded items.csv
2026-03-27 22:36:24,935 - App - INFO - Loading initial data...
2026-03-27 22:36:25,453 - App - INFO - [SUCCESS] Successfully loaded cities.csv
2026-03-27 22:36:25,940 - App - INFO - [SUCCESS] Successfully loaded items.csv
2026-03-27 22:36:26,893 - App - INFO - Loading initial data...
2026-03-27 22:36:27,357 - App - INFO - [SUCCESS] Successfully loaded cities.csv
2026-03-27 22:36:27,815 - App - INFO - [SUCCESS] Successfully loaded items.csv
2026-03-27 22:38:11,937 - App - INFO - Loading initial data...
2026-03-27 22:38:12,491 - App - INFO - [SUCCESS] Successfully loaded cities.csv
2026-03-27 22:38:13,001 - App - INFO - [SUCCESS] Successfully loaded items.csv
2026-03-27 22:38:13,004 - App - INFO - Starting server on port 5000...
2026-03-27 23:39:24,382 - App - INFO - 
====================================
Starting Orchestrator for task Z0304
====================================
2026-03-27 23:39:24,383 - App - INFO - Starting verification loop. Make sure `server.py` is running on your remote host first!
2026-03-27 23:39:24,383 - App - INFO - Submitting tools to https://centrala.ag3nts.org/verify...
2026-03-27 23:39:25,053 - App - ERROR - Failed to submit tools: 400 - {
    "code": -166,
    "message": "task not found: s03e04 (AI_Devs 3)"
}
2026-03-27 23:39:25,055 - App - INFO - Waiting 40 seconds for the agent to process our tools...
2026-03-27 23:40:05,056 - App - INFO - Checking verification status at https://centrala.ag3nts.org/verify...
2026-03-27 23:40:05,597 - App - ERROR - Failed to check status: 400 - {
    "code": -166,
    "message": "task not found: s03e04 (AI_Devs 3)"
}
2026-03-27 23:40:05,599 - App - INFO - [SUCCESS] Final result from centrala: {}
2026-03-27 23:40:05,600 - App - INFO - Orchestrator finished. If you didn't get a flag, ensure the server is responding at the provided URL.
2026-03-27 23:52:08,625 - App - INFO - 
====================================
Starting Orchestrator for task Z0304
====================================
2026-03-27 23:52:08,625 - App - INFO - Starting verification loop. Make sure `server.py` is running on your remote host first!
2026-03-27 23:52:08,626 - App - INFO - Submitting tools to https://hub.ag3nts.org/verify...
2026-03-27 23:52:09,110 - App - INFO - [SUCCESS] Tools submitted successfully: {'code': 0, 'message': 'Your request has been queued for verification. Come back in a moment for the final result.'}
2026-03-27 23:52:09,115 - App - INFO - Waiting 40 seconds for the agent to process our tools...
2026-03-27 23:52:49,116 - App - INFO - Checking verification status at https://hub.ag3nts.org/verify...
2026-03-27 23:52:49,643 - App - ERROR - Failed to check status: 400 - {
    "code": -790,
    "message": "The tool could not identify the item. I need to be more specific about the item I'm looking for."
}
2026-03-27 23:52:49,644 - App - INFO - [SUCCESS] Final result from centrala: {}
2026-03-27 23:52:49,645 - App - INFO - Orchestrator finished. If you didn't get a flag, ensure the server is responding at the provided URL.
2026-03-28 00:06:06,954 - App - INFO - 
====================================
Starting Orchestrator for task Z0304
====================================
2026-03-28 00:06:06,955 - App - INFO - Starting verification loop. Make sure `server.py` is running on your remote host first!
2026-03-28 00:06:06,955 - App - INFO - Submitting tools to https://hub.ag3nts.org/verify...
2026-03-28 00:06:07,474 - App - INFO - [SUCCESS] Tools submitted successfully: {'code': 0, 'message': 'Your request has been queued for verification. Come back in a moment for the final result.'}
2026-03-28 00:06:07,477 - App - INFO - Waiting 40 seconds for the agent to process our tools...
2026-03-28 00:06:47,479 - App - INFO - Checking verification status at https://hub.ag3nts.org/verify...
2026-03-28 00:06:47,977 - App - ERROR - Failed to check status: 400 - {
    "code": -790,
    "message": "The tool could not identify the item 'Turbina wiatrowa maj\u0105ca 48V i moc 400W'. Please rephrase the item name or provide a more common name for it."
}
2026-03-28 00:06:47,979 - App - INFO - [SUCCESS] Final result from centrala: {}
2026-03-28 00:06:47,979 - App - INFO - Orchestrator finished. If you didn't get a flag, ensure the server is responding at the provided URL.
